{"C:\\Users\\cgatt\\RefScore\\src\\components\\DocumentViewer.tsx": {"path":"C:\\Users\\cgatt\\RefScore\\src\\components\\DocumentViewer.tsx","statementMap":{"0":{"start":{"line":20,"column":29},"end":{"line":20,"column":null}},"1":{"start":{"line":22,"column":61},"end":{"line":808,"column":null}},"2":{"start":{"line":23,"column":40},"end":{"line":23,"column":null}},"3":{"start":{"line":24,"column":40},"end":{"line":24,"column":null}},"4":{"start":{"line":25,"column":44},"end":{"line":25,"column":null}},"5":{"start":{"line":26,"column":38},"end":{"line":26,"column":null}},"6":{"start":{"line":27,"column":40},"end":{"line":27,"column":null}},"7":{"start":{"line":28,"column":32},"end":{"line":28,"column":null}},"8":{"start":{"line":30,"column":32},"end":{"line":30,"column":null}},"9":{"start":{"line":31,"column":34},"end":{"line":31,"column":null}},"10":{"start":{"line":32,"column":32},"end":{"line":32,"column":null}},"11":{"start":{"line":33,"column":50},"end":{"line":33,"column":null}},"12":{"start":{"line":34,"column":32},"end":{"line":34,"column":null}},"13":{"start":{"line":35,"column":36},"end":{"line":35,"column":null}},"14":{"start":{"line":36,"column":32},"end":{"line":36,"column":null}},"15":{"start":{"line":39,"column":24},"end":{"line":39,"column":null}},"16":{"start":{"line":39,"column":44},"end":{"line":39,"column":104}},"17":{"start":{"line":41,"column":23},"end":{"line":43,"column":null}},"18":{"start":{"line":42,"column":4},"end":{"line":42,"column":null}},"19":{"start":{"line":45,"column":42},"end":{"line":54,"column":null}},"20":{"start":{"line":56,"column":27},"end":{"line":58,"column":null}},"21":{"start":{"line":57,"column":22},"end":{"line":57,"column":36}},"22":{"start":{"line":58,"column":17},"end":{"line":58,"column":36}},"23":{"start":{"line":60,"column":30},"end":{"line":62,"column":null}},"24":{"start":{"line":61,"column":22},"end":{"line":61,"column":36}},"25":{"start":{"line":62,"column":17},"end":{"line":62,"column":31}},"26":{"start":{"line":64,"column":25},"end":{"line":66,"column":null}},"27":{"start":{"line":65,"column":22},"end":{"line":65,"column":36}},"28":{"start":{"line":66,"column":17},"end":{"line":66,"column":32}},"29":{"start":{"line":68,"column":57},"end":{"line":75,"column":null}},"30":{"start":{"line":77,"column":24},"end":{"line":82,"column":null}},"31":{"start":{"line":78,"column":4},"end":{"line":78,"column":null}},"32":{"start":{"line":78,"column":21},"end":{"line":78,"column":null}},"33":{"start":{"line":79,"column":4},"end":{"line":79,"column":null}},"34":{"start":{"line":79,"column":21},"end":{"line":79,"column":null}},"35":{"start":{"line":80,"column":4},"end":{"line":80,"column":null}},"36":{"start":{"line":80,"column":21},"end":{"line":80,"column":null}},"37":{"start":{"line":81,"column":4},"end":{"line":81,"column":null}},"38":{"start":{"line":84,"column":23},"end":{"line":665,"column":null}},"39":{"start":{"line":166,"column":18},"end":{"line":166,"column":null}},"40":{"start":{"line":166,"column":45},"end":{"line":166,"column":null}},"41":{"start":{"line":167,"column":18},"end":{"line":167,"column":null}},"42":{"start":{"line":168,"column":18},"end":{"line":168,"column":null}},"43":{"start":{"line":169,"column":18},"end":{"line":169,"column":null}},"44":{"start":{"line":170,"column":18},"end":{"line":170,"column":null}},"45":{"start":{"line":171,"column":18},"end":{"line":171,"column":null}},"46":{"start":{"line":173,"column":37},"end":{"line":173,"column":null}},"47":{"start":{"line":174,"column":42},"end":{"line":174,"column":null}},"48":{"start":{"line":175,"column":40},"end":{"line":175,"column":null}},"49":{"start":{"line":177,"column":33},"end":{"line":179,"column":null}},"50":{"start":{"line":178,"column":20},"end":{"line":178,"column":null}},"51":{"start":{"line":178,"column":41},"end":{"line":178,"column":55}},"52":{"start":{"line":180,"column":18},"end":{"line":180,"column":null}},"53":{"start":{"line":181,"column":18},"end":{"line":181,"column":null}},"54":{"start":{"line":182,"column":18},"end":{"line":182,"column":null}},"55":{"start":{"line":205,"column":22},"end":{"line":205,"column":null}},"56":{"start":{"line":228,"column":34},"end":{"line":228,"column":null}},"57":{"start":{"line":229,"column":37},"end":{"line":229,"column":null}},"58":{"start":{"line":230,"column":35},"end":{"line":230,"column":null}},"59":{"start":{"line":231,"column":20},"end":{"line":291,"column":null}},"60":{"start":{"line":260,"column":28},"end":{"line":260,"column":null}},"61":{"start":{"line":260,"column":55},"end":{"line":260,"column":null}},"62":{"start":{"line":261,"column":56},"end":{"line":266,"column":null}},"63":{"start":{"line":267,"column":28},"end":{"line":267,"column":null}},"64":{"start":{"line":268,"column":28},"end":{"line":274,"column":null}},"65":{"start":{"line":269,"column":30},"end":{"line":269,"column":null}},"66":{"start":{"line":270,"column":30},"end":{"line":270,"column":null}},"67":{"start":{"line":271,"column":30},"end":{"line":271,"column":null}},"68":{"start":{"line":272,"column":30},"end":{"line":272,"column":null}},"69":{"start":{"line":273,"column":30},"end":{"line":273,"column":null}},"70":{"start":{"line":304,"column":18},"end":{"line":317,"column":null}},"71":{"start":{"line":364,"column":16},"end":{"line":369,"column":null}},"72":{"start":{"line":394,"column":16},"end":{"line":414,"column":null}},"73":{"start":{"line":397,"column":36},"end":{"line":397,"column":null}},"74":{"start":{"line":398,"column":20},"end":{"line":398,"column":null}},"75":{"start":{"line":399,"column":20},"end":{"line":406,"column":null}},"76":{"start":{"line":429,"column":16},"end":{"line":449,"column":null}},"77":{"start":{"line":432,"column":36},"end":{"line":432,"column":null}},"78":{"start":{"line":433,"column":20},"end":{"line":433,"column":null}},"79":{"start":{"line":434,"column":20},"end":{"line":441,"column":null}},"80":{"start":{"line":472,"column":33},"end":{"line":472,"column":null}},"81":{"start":{"line":485,"column":34},"end":{"line":485,"column":91}},"82":{"start":{"line":487,"column":36},"end":{"line":487,"column":null}},"83":{"start":{"line":488,"column":35},"end":{"line":488,"column":null}},"84":{"start":{"line":489,"column":31},"end":{"line":489,"column":null}},"85":{"start":{"line":490,"column":18},"end":{"line":629,"column":null}},"86":{"start":{"line":501,"column":46},"end":{"line":501,"column":null}},"87":{"start":{"line":502,"column":30},"end":{"line":502,"column":null}},"88":{"start":{"line":503,"column":30},"end":{"line":510,"column":null}},"89":{"start":{"line":522,"column":30},"end":{"line":522,"column":null}},"90":{"start":{"line":522,"column":54},"end":{"line":522,"column":82}},"91":{"start":{"line":523,"column":30},"end":{"line":523,"column":null}},"92":{"start":{"line":523,"column":55},"end":{"line":523,"column":85}},"93":{"start":{"line":524,"column":30},"end":{"line":524,"column":null}},"94":{"start":{"line":525,"column":30},"end":{"line":538,"column":null}},"95":{"start":{"line":526,"column":48},"end":{"line":526,"column":null}},"96":{"start":{"line":527,"column":32},"end":{"line":527,"column":null}},"97":{"start":{"line":527,"column":65},"end":{"line":527,"column":98}},"98":{"start":{"line":528,"column":32},"end":{"line":532,"column":null}},"99":{"start":{"line":534,"column":32},"end":{"line":534,"column":null}},"100":{"start":{"line":534,"column":56},"end":{"line":534,"column":125}},"101":{"start":{"line":535,"column":32},"end":{"line":535,"column":null}},"102":{"start":{"line":537,"column":32},"end":{"line":537,"column":null}},"103":{"start":{"line":537,"column":57},"end":{"line":537,"column":88}},"104":{"start":{"line":560,"column":30},"end":{"line":624,"column":null}},"105":{"start":{"line":573,"column":42},"end":{"line":573,"column":null}},"106":{"start":{"line":574,"column":42},"end":{"line":574,"column":null}},"107":{"start":{"line":585,"column":40},"end":{"line":585,"column":null}},"108":{"start":{"line":586,"column":40},"end":{"line":591,"column":null}},"109":{"start":{"line":587,"column":57},"end":{"line":587,"column":null}},"110":{"start":{"line":588,"column":42},"end":{"line":590,"column":null}},"111":{"start":{"line":589,"column":44},"end":{"line":589,"column":null}},"112":{"start":{"line":601,"column":40},"end":{"line":601,"column":null}},"113":{"start":{"line":602,"column":40},"end":{"line":615,"column":null}},"114":{"start":{"line":603,"column":54},"end":{"line":609,"column":null}},"115":{"start":{"line":610,"column":42},"end":{"line":610,"column":null}},"116":{"start":{"line":611,"column":42},"end":{"line":611,"column":null}},"117":{"start":{"line":612,"column":42},"end":{"line":612,"column":null}},"118":{"start":{"line":612,"column":65},"end":{"line":612,"column":105}},"119":{"start":{"line":614,"column":42},"end":{"line":614,"column":null}},"120":{"start":{"line":636,"column":16},"end":{"line":649,"column":null}},"121":{"start":{"line":667,"column":2},"end":{"line":806,"column":null}},"122":{"start":{"line":684,"column":33},"end":{"line":684,"column":null}},"123":{"start":{"line":702,"column":35},"end":{"line":702,"column":null}},"124":{"start":{"line":705,"column":14},"end":{"line":714,"column":null}},"125":{"start":{"line":706,"column":16},"end":{"line":706,"column":null}},"126":{"start":{"line":707,"column":16},"end":{"line":707,"column":null}},"127":{"start":{"line":708,"column":14},"end":{"line":714,"column":null}},"128":{"start":{"line":709,"column":16},"end":{"line":709,"column":null}},"129":{"start":{"line":710,"column":16},"end":{"line":710,"column":null}},"130":{"start":{"line":711,"column":14},"end":{"line":714,"column":null}},"131":{"start":{"line":712,"column":16},"end":{"line":712,"column":null}},"132":{"start":{"line":713,"column":16},"end":{"line":713,"column":null}},"133":{"start":{"line":716,"column":31},"end":{"line":716,"column":null}},"134":{"start":{"line":717,"column":14},"end":{"line":719,"column":null}},"135":{"start":{"line":718,"column":16},"end":{"line":718,"column":null}},"136":{"start":{"line":721,"column":14},"end":{"line":787,"column":null}},"137":{"start":{"line":726,"column":18},"end":{"line":737,"column":null}},"138":{"start":{"line":727,"column":20},"end":{"line":734,"column":null}},"139":{"start":{"line":736,"column":20},"end":{"line":736,"column":null}},"140":{"start":{"line":742,"column":18},"end":{"line":782,"column":null}},"141":{"start":{"line":744,"column":35},"end":{"line":744,"column":null}},"142":{"start":{"line":745,"column":21},"end":{"line":781,"column":null}},"143":{"start":{"line":746,"column":35},"end":{"line":746,"column":null}},"144":{"start":{"line":746,"column":64},"end":{"line":746,"column":72}},"145":{"start":{"line":747,"column":22},"end":{"line":779,"column":null}},"146":{"start":{"line":750,"column":43},"end":{"line":750,"column":null}},"147":{"start":{"line":751,"column":42},"end":{"line":751,"column":null}},"148":{"start":{"line":752,"column":48},"end":{"line":752,"column":null}},"149":{"start":{"line":754,"column":28},"end":{"line":776,"column":null}},"150":{"start":{"line":758,"column":34},"end":{"line":758,"column":null}},"151":{"start":{"line":759,"column":34},"end":{"line":764,"column":null}},"152":{"start":{"line":759,"column":46},"end":{"line":764,"column":null}},"153":{"start":{"line":783,"column":18},"end":{"line":783,"column":null}},"154":{"start":{"line":801,"column":23},"end":{"line":801,"column":null}},"155":{"start":{"line":804,"column":41},"end":{"line":804,"column":null}}},"fnMap":{"0":{"name":"(anonymous_0)","decl":{"start":{"line":22,"column":61},"end":{"line":22,"column":62}},"loc":{"start":{"line":22,"column":161},"end":{"line":808,"column":null}},"line":22},"1":{"name":"(anonymous_1)","decl":{"start":{"line":39,"column":38},"end":{"line":39,"column":44}},"loc":{"start":{"line":39,"column":44},"end":{"line":39,"column":104}},"line":39},"2":{"name":"(anonymous_2)","decl":{"start":{"line":41,"column":23},"end":{"line":41,"column":24}},"loc":{"start":{"line":41,"column":40},"end":{"line":43,"column":null}},"line":41},"3":{"name":"(anonymous_3)","decl":{"start":{"line":57,"column":9},"end":{"line":57,"column":10}},"loc":{"start":{"line":57,"column":22},"end":{"line":57,"column":36}},"line":57},"4":{"name":"(anonymous_4)","decl":{"start":{"line":58,"column":12},"end":{"line":58,"column":17}},"loc":{"start":{"line":58,"column":17},"end":{"line":58,"column":36}},"line":58},"5":{"name":"(anonymous_5)","decl":{"start":{"line":61,"column":9},"end":{"line":61,"column":10}},"loc":{"start":{"line":61,"column":22},"end":{"line":61,"column":36}},"line":61},"6":{"name":"(anonymous_6)","decl":{"start":{"line":62,"column":12},"end":{"line":62,"column":17}},"loc":{"start":{"line":62,"column":17},"end":{"line":62,"column":31}},"line":62},"7":{"name":"(anonymous_7)","decl":{"start":{"line":65,"column":9},"end":{"line":65,"column":10}},"loc":{"start":{"line":65,"column":22},"end":{"line":65,"column":36}},"line":65},"8":{"name":"(anonymous_8)","decl":{"start":{"line":66,"column":12},"end":{"line":66,"column":17}},"loc":{"start":{"line":66,"column":17},"end":{"line":66,"column":32}},"line":66},"9":{"name":"(anonymous_9)","decl":{"start":{"line":77,"column":24},"end":{"line":77,"column":25}},"loc":{"start":{"line":77,"column":43},"end":{"line":82,"column":null}},"line":77},"10":{"name":"(anonymous_10)","decl":{"start":{"line":165,"column":25},"end":{"line":165,"column":37}},"loc":{"start":{"line":165,"column":37},"end":{"line":183,"column":null}},"line":165},"11":{"name":"(anonymous_11)","decl":{"start":{"line":177,"column":115},"end":{"line":177,"column":116}},"loc":{"start":{"line":177,"column":124},"end":{"line":179,"column":19}},"line":177},"12":{"name":"(anonymous_12)","decl":{"start":{"line":178,"column":33},"end":{"line":178,"column":41}},"loc":{"start":{"line":178,"column":41},"end":{"line":178,"column":55}},"line":178},"13":{"name":"(anonymous_13)","decl":{"start":{"line":204,"column":45},"end":{"line":204,"column":46}},"loc":{"start":{"line":205,"column":22},"end":{"line":205,"column":null}},"line":205},"14":{"name":"(anonymous_14)","decl":{"start":{"line":227,"column":37},"end":{"line":227,"column":38}},"loc":{"start":{"line":227,"column":54},"end":{"line":293,"column":19}},"line":227},"15":{"name":"(anonymous_15)","decl":{"start":{"line":259,"column":35},"end":{"line":259,"column":41}},"loc":{"start":{"line":259,"column":41},"end":{"line":275,"column":null}},"line":259},"16":{"name":"(anonymous_16)","decl":{"start":{"line":268,"column":39},"end":{"line":268,"column":45}},"loc":{"start":{"line":268,"column":45},"end":{"line":274,"column":31}},"line":268},"17":{"name":"(anonymous_17)","decl":{"start":{"line":303,"column":59},"end":{"line":303,"column":60}},"loc":{"start":{"line":304,"column":18},"end":{"line":317,"column":null}},"line":304},"18":{"name":"(anonymous_18)","decl":{"start":{"line":363,"column":41},"end":{"line":363,"column":42}},"loc":{"start":{"line":364,"column":16},"end":{"line":369,"column":null}},"line":364},"19":{"name":"(anonymous_19)","decl":{"start":{"line":393,"column":36},"end":{"line":393,"column":37}},"loc":{"start":{"line":394,"column":16},"end":{"line":414,"column":null}},"line":394},"20":{"name":"(anonymous_20)","decl":{"start":{"line":396,"column":27},"end":{"line":396,"column":33}},"loc":{"start":{"line":396,"column":33},"end":{"line":407,"column":null}},"line":396},"21":{"name":"(anonymous_21)","decl":{"start":{"line":428,"column":39},"end":{"line":428,"column":40}},"loc":{"start":{"line":429,"column":16},"end":{"line":449,"column":null}},"line":429},"22":{"name":"(anonymous_22)","decl":{"start":{"line":431,"column":27},"end":{"line":431,"column":33}},"loc":{"start":{"line":431,"column":33},"end":{"line":442,"column":null}},"line":431},"23":{"name":"(anonymous_23)","decl":{"start":{"line":472,"column":26},"end":{"line":472,"column":27}},"loc":{"start":{"line":472,"column":33},"end":{"line":472,"column":null}},"line":472},"24":{"name":"(anonymous_24)","decl":{"start":{"line":485,"column":24},"end":{"line":485,"column":25}},"loc":{"start":{"line":485,"column":34},"end":{"line":485,"column":91}},"line":485},"25":{"name":"(anonymous_25)","decl":{"start":{"line":486,"column":21},"end":{"line":486,"column":22}},"loc":{"start":{"line":486,"column":31},"end":{"line":631,"column":17}},"line":486},"26":{"name":"(anonymous_26)","decl":{"start":{"line":500,"column":37},"end":{"line":500,"column":43}},"loc":{"start":{"line":500,"column":43},"end":{"line":511,"column":null}},"line":500},"27":{"name":"(anonymous_27)","decl":{"start":{"line":521,"column":37},"end":{"line":521,"column":49}},"loc":{"start":{"line":521,"column":49},"end":{"line":539,"column":null}},"line":521},"28":{"name":"(anonymous_28)","decl":{"start":{"line":522,"column":43},"end":{"line":522,"column":44}},"loc":{"start":{"line":522,"column":54},"end":{"line":522,"column":82}},"line":522},"29":{"name":"(anonymous_29)","decl":{"start":{"line":523,"column":44},"end":{"line":523,"column":45}},"loc":{"start":{"line":523,"column":55},"end":{"line":523,"column":85}},"line":523},"30":{"name":"(anonymous_30)","decl":{"start":{"line":527,"column":54},"end":{"line":527,"column":55}},"loc":{"start":{"line":527,"column":65},"end":{"line":527,"column":98}},"line":527},"31":{"name":"(anonymous_31)","decl":{"start":{"line":534,"column":45},"end":{"line":534,"column":46}},"loc":{"start":{"line":534,"column":56},"end":{"line":534,"column":125}},"line":534},"32":{"name":"(anonymous_32)","decl":{"start":{"line":537,"column":46},"end":{"line":537,"column":47}},"loc":{"start":{"line":537,"column":57},"end":{"line":537,"column":88}},"line":537},"33":{"name":"(anonymous_33)","decl":{"start":{"line":559,"column":38},"end":{"line":559,"column":39}},"loc":{"start":{"line":560,"column":30},"end":{"line":624,"column":null}},"line":560},"34":{"name":"(anonymous_34)","decl":{"start":{"line":572,"column":49},"end":{"line":572,"column":50}},"loc":{"start":{"line":572,"column":56},"end":{"line":575,"column":null}},"line":572},"35":{"name":"(anonymous_35)","decl":{"start":{"line":584,"column":47},"end":{"line":584,"column":48}},"loc":{"start":{"line":584,"column":54},"end":{"line":592,"column":null}},"line":584},"36":{"name":"(anonymous_36)","decl":{"start":{"line":589,"column":88},"end":{"line":589,"column":94}},"loc":{"start":{"line":589,"column":94},"end":{"line":589,"column":96}},"line":589},"37":{"name":"(anonymous_37)","decl":{"start":{"line":600,"column":47},"end":{"line":600,"column":48}},"loc":{"start":{"line":600,"column":54},"end":{"line":616,"column":null}},"line":600},"38":{"name":"(anonymous_38)","decl":{"start":{"line":612,"column":57},"end":{"line":612,"column":65}},"loc":{"start":{"line":612,"column":65},"end":{"line":612,"column":105}},"line":612},"39":{"name":"(anonymous_39)","decl":{"start":{"line":635,"column":23},"end":{"line":635,"column":29}},"loc":{"start":{"line":635,"column":29},"end":{"line":650,"column":null}},"line":635},"40":{"name":"(anonymous_40)","decl":{"start":{"line":684,"column":27},"end":{"line":684,"column":33}},"loc":{"start":{"line":684,"column":33},"end":{"line":684,"column":null}},"line":684},"41":{"name":"(anonymous_41)","decl":{"start":{"line":701,"column":42},"end":{"line":701,"column":43}},"loc":{"start":{"line":701,"column":58},"end":{"line":789,"column":13}},"line":701},"42":{"name":"(anonymous_42)","decl":{"start":{"line":725,"column":25},"end":{"line":725,"column":31}},"loc":{"start":{"line":725,"column":31},"end":{"line":738,"column":null}},"line":725},"43":{"name":"(anonymous_43)","decl":{"start":{"line":740,"column":59},"end":{"line":740,"column":60}},"loc":{"start":{"line":740,"column":75},"end":{"line":784,"column":17}},"line":740},"44":{"name":"(anonymous_44)","decl":{"start":{"line":746,"column":59},"end":{"line":746,"column":64}},"loc":{"start":{"line":746,"column":64},"end":{"line":746,"column":72}},"line":746},"45":{"name":"(anonymous_45)","decl":{"start":{"line":749,"column":36},"end":{"line":749,"column":37}},"loc":{"start":{"line":749,"column":45},"end":{"line":778,"column":27}},"line":749},"46":{"name":"(anonymous_46)","decl":{"start":{"line":757,"column":41},"end":{"line":757,"column":42}},"loc":{"start":{"line":757,"column":48},"end":{"line":765,"column":null}},"line":757},"47":{"name":"(anonymous_47)","decl":{"start":{"line":801,"column":17},"end":{"line":801,"column":23}},"loc":{"start":{"line":801,"column":23},"end":{"line":801,"column":null}},"line":801},"48":{"name":"(anonymous_48)","decl":{"start":{"line":804,"column":28},"end":{"line":804,"column":29}},"loc":{"start":{"line":804,"column":41},"end":{"line":804,"column":null}},"line":804}},"branchMap":{"0":{"loc":{"start":{"line":39,"column":44},"end":{"line":39,"column":104}},"type":"binary-expr","locations":[{"start":{"line":39,"column":44},"end":{"line":39,"column":62}},{"start":{"line":39,"column":62},"end":{"line":39,"column":104}}],"line":39},"1":{"loc":{"start":{"line":78,"column":4},"end":{"line":78,"column":null}},"type":"if","locations":[{"start":{"line":78,"column":4},"end":{"line":78,"column":null}},{"start":{},"end":{}}],"line":78},"2":{"loc":{"start":{"line":79,"column":4},"end":{"line":79,"column":null}},"type":"if","locations":[{"start":{"line":79,"column":4},"end":{"line":79,"column":null}},{"start":{},"end":{}}],"line":79},"3":{"loc":{"start":{"line":80,"column":4},"end":{"line":80,"column":null}},"type":"if","locations":[{"start":{"line":80,"column":4},"end":{"line":80,"column":null}},{"start":{},"end":{}}],"line":80},"4":{"loc":{"start":{"line":84,"column":23},"end":{"line":665,"column":null}},"type":"cond-expr","locations":[{"start":{"line":85,"column":4},"end":{"line":375,"column":null}},{"start":{"line":377,"column":4},"end":{"line":665,"column":null}}],"line":84},"5":{"loc":{"start":{"line":86,"column":7},"end":{"line":373,"column":null}},"type":"cond-expr","locations":[{"start":{"line":87,"column":8},"end":{"line":322,"column":null}},{"start":{"line":324,"column":8},"end":{"line":373,"column":null}}],"line":86},"6":{"loc":{"start":{"line":86,"column":7},"end":{"line":86,"column":null}},"type":"binary-expr","locations":[{"start":{"line":86,"column":7},"end":{"line":86,"column":45}},{"start":{"line":86,"column":45},"end":{"line":86,"column":69}},{"start":{"line":86,"column":69},"end":{"line":86,"column":null}}],"line":86},"7":{"loc":{"start":{"line":109,"column":20},"end":{"line":113,"column":null}},"type":"cond-expr","locations":[{"start":{"line":110,"column":24},"end":{"line":110,"column":null}},{"start":{"line":111,"column":24},"end":{"line":113,"column":null}}],"line":109},"8":{"loc":{"start":{"line":111,"column":24},"end":{"line":113,"column":null}},"type":"cond-expr","locations":[{"start":{"line":112,"column":24},"end":{"line":112,"column":null}},{"start":{"line":113,"column":24},"end":{"line":113,"column":null}}],"line":111},"9":{"loc":{"start":{"line":135,"column":19},"end":{"line":135,"column":null}},"type":"binary-expr","locations":[{"start":{"line":135,"column":19},"end":{"line":135,"column":69}},{"start":{"line":135,"column":69},"end":{"line":135,"column":null}}],"line":135},"10":{"loc":{"start":{"line":139,"column":21},"end":{"line":139,"column":null}},"type":"binary-expr","locations":[{"start":{"line":139,"column":21},"end":{"line":139,"column":70}},{"start":{"line":139,"column":70},"end":{"line":139,"column":null}}],"line":139},"11":{"loc":{"start":{"line":142,"column":21},"end":{"line":142,"column":93}},"type":"binary-expr","locations":[{"start":{"line":142,"column":21},"end":{"line":142,"column":76}},{"start":{"line":142,"column":76},"end":{"line":142,"column":93}}],"line":142},"12":{"loc":{"start":{"line":146,"column":19},"end":{"line":150,"column":null}},"type":"cond-expr","locations":[{"start":{"line":147,"column":22},"end":{"line":149,"column":null}},{"start":{"line":150,"column":22},"end":{"line":150,"column":null}}],"line":146},"13":{"loc":{"start":{"line":147,"column":22},"end":{"line":149,"column":null}},"type":"cond-expr","locations":[{"start":{"line":148,"column":24},"end":{"line":148,"column":null}},{"start":{"line":149,"column":24},"end":{"line":149,"column":null}}],"line":147},"14":{"loc":{"start":{"line":152,"column":17},"end":{"line":160,"column":null}},"type":"binary-expr","locations":[{"start":{"line":152,"column":17},"end":{"line":152,"column":null}},{"start":{"line":153,"column":18},"end":{"line":160,"column":null}}],"line":152},"15":{"loc":{"start":{"line":166,"column":18},"end":{"line":166,"column":null}},"type":"if","locations":[{"start":{"line":166,"column":18},"end":{"line":166,"column":null}},{"start":{},"end":{}}],"line":166},"16":{"loc":{"start":{"line":174,"column":42},"end":{"line":174,"column":null}},"type":"binary-expr","locations":[{"start":{"line":174,"column":42},"end":{"line":174,"column":104}},{"start":{"line":174,"column":104},"end":{"line":174,"column":null}}],"line":174},"17":{"loc":{"start":{"line":187,"column":17},"end":{"line":196,"column":null}},"type":"cond-expr","locations":[{"start":{"line":188,"column":18},"end":{"line":191,"column":null}},{"start":{"line":193,"column":18},"end":{"line":196,"column":null}}],"line":187},"18":{"loc":{"start":{"line":198,"column":14},"end":{"line":208,"column":null}},"type":"binary-expr","locations":[{"start":{"line":200,"column":16},"end":{"line":200,"column":33}},{"start":{"line":200,"column":33},"end":{"line":200,"column":53}},{"start":{"line":200,"column":53},"end":{"line":200,"column":null}},{"start":{"line":201,"column":16},"end":{"line":208,"column":null}}],"line":198},"19":{"loc":{"start":{"line":211,"column":15},"end":{"line":217,"column":null}},"type":"binary-expr","locations":[{"start":{"line":211,"column":15},"end":{"line":211,"column":34}},{"start":{"line":211,"column":34},"end":{"line":211,"column":null}},{"start":{"line":212,"column":16},"end":{"line":217,"column":null}}],"line":211},"20":{"loc":{"start":{"line":220,"column":15},"end":{"line":294,"column":null}},"type":"binary-expr","locations":[{"start":{"line":220,"column":15},"end":{"line":220,"column":null}},{"start":{"line":221,"column":16},"end":{"line":294,"column":null}}],"line":220},"21":{"loc":{"start":{"line":228,"column":34},"end":{"line":228,"column":null}},"type":"cond-expr","locations":[{"start":{"line":228,"column":50},"end":{"line":228,"column":80}},{"start":{"line":228,"column":80},"end":{"line":228,"column":null}}],"line":228},"22":{"loc":{"start":{"line":240,"column":32},"end":{"line":244,"column":null}},"type":"cond-expr","locations":[{"start":{"line":241,"column":36},"end":{"line":241,"column":null}},{"start":{"line":242,"column":36},"end":{"line":244,"column":null}}],"line":240},"23":{"loc":{"start":{"line":242,"column":36},"end":{"line":244,"column":null}},"type":"cond-expr","locations":[{"start":{"line":243,"column":36},"end":{"line":243,"column":null}},{"start":{"line":244,"column":36},"end":{"line":244,"column":null}}],"line":242},"24":{"loc":{"start":{"line":249,"column":102},"end":{"line":249,"column":221}},"type":"cond-expr","locations":[{"start":{"line":249,"column":114},"end":{"line":249,"column":169}},{"start":{"line":249,"column":169},"end":{"line":249,"column":221}}],"line":249},"25":{"loc":{"start":{"line":250,"column":31},"end":{"line":250,"column":null}},"type":"cond-expr","locations":[{"start":{"line":250,"column":43},"end":{"line":250,"column":79}},{"start":{"line":250,"column":79},"end":{"line":250,"column":null}}],"line":250},"26":{"loc":{"start":{"line":260,"column":28},"end":{"line":260,"column":null}},"type":"if","locations":[{"start":{"line":260,"column":28},"end":{"line":260,"column":null}},{"start":{},"end":{}}],"line":260},"27":{"loc":{"start":{"line":278,"column":28},"end":{"line":280,"column":null}},"type":"cond-expr","locations":[{"start":{"line":279,"column":32},"end":{"line":279,"column":null}},{"start":{"line":280,"column":32},"end":{"line":280,"column":null}}],"line":278},"28":{"loc":{"start":{"line":283,"column":27},"end":{"line":288,"column":null}},"type":"cond-expr","locations":[{"start":{"line":284,"column":28},"end":{"line":286,"column":null}},{"start":{"line":288,"column":28},"end":{"line":288,"column":null}}],"line":283},"29":{"loc":{"start":{"line":232,"column":32},"end":{"line":232,"column":50}},"type":"binary-expr","locations":[{"start":{"line":232,"column":32},"end":{"line":232,"column":45}},{"start":{"line":232,"column":45},"end":{"line":232,"column":50}}],"line":232},"30":{"loc":{"start":{"line":306,"column":27},"end":{"line":306,"column":null}},"type":"binary-expr","locations":[{"start":{"line":306,"column":27},"end":{"line":306,"column":72}},{"start":{"line":306,"column":72},"end":{"line":306,"column":null}}],"line":306},"31":{"loc":{"start":{"line":312,"column":24},"end":{"line":312,"column":null}},"type":"cond-expr","locations":[{"start":{"line":312,"column":35},"end":{"line":312,"column":70}},{"start":{"line":312,"column":70},"end":{"line":312,"column":null}}],"line":312},"32":{"loc":{"start":{"line":312,"column":70},"end":{"line":312,"column":null}},"type":"cond-expr","locations":[{"start":{"line":312,"column":81},"end":{"line":312,"column":116}},{"start":{"line":312,"column":116},"end":{"line":312,"column":null}}],"line":312},"33":{"loc":{"start":{"line":327,"column":15},"end":{"line":330,"column":null}},"type":"binary-expr","locations":[{"start":{"line":327,"column":15},"end":{"line":327,"column":null}},{"start":{"line":328,"column":16},"end":{"line":330,"column":null}}],"line":327},"34":{"loc":{"start":{"line":332,"column":15},"end":{"line":335,"column":null}},"type":"binary-expr","locations":[{"start":{"line":332,"column":15},"end":{"line":332,"column":null}},{"start":{"line":333,"column":16},"end":{"line":335,"column":null}}],"line":332},"35":{"loc":{"start":{"line":337,"column":15},"end":{"line":340,"column":null}},"type":"binary-expr","locations":[{"start":{"line":337,"column":15},"end":{"line":337,"column":null}},{"start":{"line":338,"column":16},"end":{"line":340,"column":null}}],"line":337},"36":{"loc":{"start":{"line":356,"column":15},"end":{"line":360,"column":null}},"type":"binary-expr","locations":[{"start":{"line":356,"column":15},"end":{"line":356,"column":null}},{"start":{"line":357,"column":16},"end":{"line":360,"column":null}}],"line":356},"37":{"loc":{"start":{"line":391,"column":11},"end":{"line":418,"column":null}},"type":"cond-expr","locations":[{"start":{"line":392,"column":12},"end":{"line":416,"column":null}},{"start":{"line":418,"column":12},"end":{"line":418,"column":null}}],"line":391},"38":{"loc":{"start":{"line":426,"column":11},"end":{"line":453,"column":null}},"type":"cond-expr","locations":[{"start":{"line":427,"column":12},"end":{"line":451,"column":null}},{"start":{"line":453,"column":12},"end":{"line":453,"column":null}}],"line":426},"39":{"loc":{"start":{"line":477,"column":11},"end":{"line":480,"column":null}},"type":"binary-expr","locations":[{"start":{"line":477,"column":11},"end":{"line":477,"column":null}},{"start":{"line":478,"column":12},"end":{"line":480,"column":null}}],"line":477},"40":{"loc":{"start":{"line":482,"column":11},"end":{"line":661,"column":null}},"type":"cond-expr","locations":[{"start":{"line":483,"column":12},"end":{"line":632,"column":null}},{"start":{"line":634,"column":12},"end":{"line":661,"column":null}}],"line":482},"41":{"loc":{"start":{"line":489,"column":31},"end":{"line":489,"column":null}},"type":"binary-expr","locations":[{"start":{"line":489,"column":31},"end":{"line":489,"column":63}},{"start":{"line":489,"column":63},"end":{"line":489,"column":null}}],"line":489},"42":{"loc":{"start":{"line":494,"column":36},"end":{"line":494,"column":64}},"type":"binary-expr","locations":[{"start":{"line":494,"column":36},"end":{"line":494,"column":58}},{"start":{"line":494,"column":58},"end":{"line":494,"column":64}}],"line":494},"43":{"loc":{"start":{"line":529,"column":34},"end":{"line":531,"column":null}},"type":"cond-expr","locations":[{"start":{"line":530,"column":38},"end":{"line":530,"column":null}},{"start":{"line":531,"column":38},"end":{"line":531,"column":null}}],"line":529},"44":{"loc":{"start":{"line":531,"column":83},"end":{"line":531,"column":112}},"type":"cond-expr","locations":[{"start":{"line":531,"column":104},"end":{"line":531,"column":110}},{"start":{"line":531,"column":110},"end":{"line":531,"column":112}}],"line":531},"45":{"loc":{"start":{"line":541,"column":30},"end":{"line":541,"column":null}},"type":"cond-expr","locations":[{"start":{"line":541,"column":42},"end":{"line":541,"column":89}},{"start":{"line":541,"column":89},"end":{"line":541,"column":null}}],"line":541},"46":{"loc":{"start":{"line":544,"column":29},"end":{"line":547,"column":null}},"type":"cond-expr","locations":[{"start":{"line":545,"column":30},"end":{"line":545,"column":null}},{"start":{"line":547,"column":30},"end":{"line":547,"column":null}}],"line":544},"47":{"loc":{"start":{"line":549,"column":29},"end":{"line":549,"column":null}},"type":"cond-expr","locations":[{"start":{"line":549,"column":41},"end":{"line":549,"column":58}},{"start":{"line":549,"column":58},"end":{"line":549,"column":null}}],"line":549},"48":{"loc":{"start":{"line":552,"column":25},"end":{"line":555,"column":null}},"type":"binary-expr","locations":[{"start":{"line":552,"column":25},"end":{"line":552,"column":null}},{"start":{"line":553,"column":26},"end":{"line":555,"column":null}}],"line":552},"49":{"loc":{"start":{"line":557,"column":25},"end":{"line":626,"column":null}},"type":"binary-expr","locations":[{"start":{"line":557,"column":25},"end":{"line":557,"column":null}},{"start":{"line":558,"column":26},"end":{"line":626,"column":null}}],"line":557},"50":{"loc":{"start":{"line":565,"column":63},"end":{"line":565,"column":null}},"type":"cond-expr","locations":[{"start":{"line":565,"column":74},"end":{"line":565,"column":92}},{"start":{"line":565,"column":92},"end":{"line":565,"column":null}}],"line":565},"51":{"loc":{"start":{"line":569,"column":37},"end":{"line":580,"column":null}},"type":"binary-expr","locations":[{"start":{"line":569,"column":37},"end":{"line":569,"column":null}},{"start":{"line":570,"column":38},"end":{"line":580,"column":null}}],"line":569},"52":{"loc":{"start":{"line":588,"column":42},"end":{"line":590,"column":null}},"type":"if","locations":[{"start":{"line":588,"column":42},"end":{"line":590,"column":null}},{"start":{},"end":{}}],"line":588},"53":{"loc":{"start":{"line":560,"column":40},"end":{"line":560,"column":53}},"type":"binary-expr","locations":[{"start":{"line":560,"column":40},"end":{"line":560,"column":50}},{"start":{"line":560,"column":50},"end":{"line":560,"column":53}}],"line":560},"54":{"loc":{"start":{"line":705,"column":14},"end":{"line":714,"column":null}},"type":"if","locations":[{"start":{"line":705,"column":14},"end":{"line":714,"column":null}},{"start":{"line":708,"column":14},"end":{"line":714,"column":null}}],"line":705},"55":{"loc":{"start":{"line":708,"column":14},"end":{"line":714,"column":null}},"type":"if","locations":[{"start":{"line":708,"column":14},"end":{"line":714,"column":null}},{"start":{"line":711,"column":14},"end":{"line":714,"column":null}}],"line":708},"56":{"loc":{"start":{"line":711,"column":14},"end":{"line":714,"column":null}},"type":"if","locations":[{"start":{"line":711,"column":14},"end":{"line":714,"column":null}},{"start":{},"end":{}}],"line":711},"57":{"loc":{"start":{"line":717,"column":14},"end":{"line":719,"column":null}},"type":"if","locations":[{"start":{"line":717,"column":14},"end":{"line":719,"column":null}},{"start":{},"end":{}}],"line":717},"58":{"loc":{"start":{"line":726,"column":18},"end":{"line":737,"column":null}},"type":"if","locations":[{"start":{"line":726,"column":18},"end":{"line":737,"column":null}},{"start":{"line":735,"column":25},"end":{"line":737,"column":null}}],"line":726},"59":{"loc":{"start":{"line":742,"column":18},"end":{"line":782,"column":null}},"type":"if","locations":[{"start":{"line":742,"column":18},"end":{"line":782,"column":null}},{"start":{},"end":{}}],"line":742},"60":{"loc":{"start":{"line":742,"column":22},"end":{"line":742,"column":102}},"type":"binary-expr","locations":[{"start":{"line":742,"column":22},"end":{"line":742,"column":48}},{"start":{"line":742,"column":48},"end":{"line":742,"column":73}},{"start":{"line":742,"column":73},"end":{"line":742,"column":102}}],"line":742},"61":{"loc":{"start":{"line":745,"column":21},"end":{"line":781,"column":null}},"type":"if","locations":[{"start":{"line":745,"column":21},"end":{"line":781,"column":null}},{"start":{},"end":{}}],"line":745},"62":{"loc":{"start":{"line":751,"column":42},"end":{"line":751,"column":null}},"type":"cond-expr","locations":[{"start":{"line":751,"column":51},"end":{"line":751,"column":74}},{"start":{"line":751,"column":74},"end":{"line":751,"column":null}}],"line":751},"63":{"loc":{"start":{"line":752,"column":48},"end":{"line":752,"column":null}},"type":"binary-expr","locations":[{"start":{"line":752,"column":48},"end":{"line":752,"column":87}},{"start":{"line":752,"column":87},"end":{"line":752,"column":119}},{"start":{"line":752,"column":119},"end":{"line":752,"column":null}}],"line":752},"64":{"loc":{"start":{"line":759,"column":34},"end":{"line":764,"column":null}},"type":"if","locations":[{"start":{"line":759,"column":34},"end":{"line":764,"column":null}},{"start":{},"end":{}}],"line":759},"65":{"loc":{"start":{"line":768,"column":34},"end":{"line":768,"column":null}},"type":"cond-expr","locations":[{"start":{"line":768,"column":43},"end":{"line":768,"column":66}},{"start":{"line":768,"column":66},"end":{"line":768,"column":null}}],"line":768},"66":{"loc":{"start":{"line":769,"column":34},"end":{"line":769,"column":null}},"type":"cond-expr","locations":[{"start":{"line":769,"column":48},"end":{"line":769,"column":120}},{"start":{"line":769,"column":120},"end":{"line":769,"column":null}}],"line":769},"67":{"loc":{"start":{"line":773,"column":33},"end":{"line":775,"column":null}},"type":"cond-expr","locations":[{"start":{"line":774,"column":36},"end":{"line":774,"column":null}},{"start":{"line":775,"column":36},"end":{"line":775,"column":null}}],"line":773},"68":{"loc":{"start":{"line":773,"column":33},"end":{"line":773,"column":null}},"type":"binary-expr","locations":[{"start":{"line":773,"column":33},"end":{"line":773,"column":59}},{"start":{"line":773,"column":59},"end":{"line":773,"column":93}},{"start":{"line":773,"column":93},"end":{"line":773,"column":null}}],"line":773},"69":{"loc":{"start":{"line":774,"column":40},"end":{"line":774,"column":104}},"type":"binary-expr","locations":[{"start":{"line":774,"column":40},"end":{"line":774,"column":94}},{"start":{"line":774,"column":94},"end":{"line":774,"column":104}}],"line":774},"70":{"loc":{"start":{"line":774,"column":107},"end":{"line":774,"column":210}},"type":"cond-expr","locations":[{"start":{"line":774,"column":172},"end":{"line":774,"column":208}},{"start":{"line":774,"column":208},"end":{"line":774,"column":210}}],"line":774},"71":{"loc":{"start":{"line":774,"column":107},"end":{"line":774,"column":172}},"type":"binary-expr","locations":[{"start":{"line":774,"column":107},"end":{"line":774,"column":138}},{"start":{"line":774,"column":138},"end":{"line":774,"column":172}}],"line":774}},"s":{"0":1,"1":1,"2":7,"3":7,"4":7,"5":7,"6":7,"7":7,"8":7,"9":7,"10":7,"11":7,"12":7,"13":7,"14":7,"15":7,"16":3,"17":7,"18":3,"19":7,"20":7,"21":8,"22":8,"23":7,"24":8,"25":8,"26":7,"27":8,"28":8,"29":7,"30":7,"31":3,"32":3,"33":0,"34":0,"35":0,"36":0,"37":0,"38":7,"39":0,"40":0,"41":0,"42":0,"43":0,"44":0,"45":0,"46":0,"47":0,"48":0,"49":0,"50":0,"51":0,"52":0,"53":0,"54":0,"55":0,"56":0,"57":0,"58":0,"59":0,"60":0,"61":0,"62":0,"63":0,"64":0,"65":0,"66":0,"67":0,"68":0,"69":0,"70":0,"71":0,"72":1,"73":0,"74":0,"75":0,"76":0,"77":0,"78":0,"79":0,"80":1,"81":5,"82":5,"83":5,"84":5,"85":5,"86":0,"87":0,"88":0,"89":1,"90":1,"91":1,"92":1,"93":1,"94":1,"95":1,"96":1,"97":1,"98":1,"99":0,"100":0,"101":0,"102":1,"103":1,"104":2,"105":0,"106":0,"107":0,"108":0,"109":0,"110":0,"111":0,"112":1,"113":1,"114":1,"115":1,"116":1,"117":1,"118":1,"119":0,"120":0,"121":7,"122":0,"123":8,"124":8,"125":1,"126":1,"127":7,"128":5,"129":5,"130":2,"131":0,"132":0,"133":8,"134":8,"135":0,"136":8,"137":0,"138":0,"139":0,"140":12,"141":2,"142":2,"143":2,"144":3,"145":2,"146":3,"147":3,"148":3,"149":3,"150":0,"151":0,"152":0,"153":10,"154":0,"155":0},"f":{"0":7,"1":3,"2":3,"3":8,"4":8,"5":8,"6":8,"7":8,"8":8,"9":3,"10":0,"11":0,"12":0,"13":0,"14":0,"15":0,"16":0,"17":0,"18":0,"19":1,"20":0,"21":0,"22":0,"23":1,"24":5,"25":5,"26":0,"27":1,"28":1,"29":1,"30":1,"31":0,"32":1,"33":2,"34":0,"35":0,"36":0,"37":1,"38":1,"39":0,"40":0,"41":8,"42":0,"43":12,"44":3,"45":3,"46":0,"47":0,"48":0},"b":{"0":[3,2],"1":[3,0],"2":[0,0],"3":[0,0],"4":[0,7],"5":[0,0],"6":[0,0,0],"7":[0,0],"8":[0,0],"9":[0,0],"10":[0,0],"11":[0,0],"12":[0,0],"13":[0,0],"14":[0,0],"15":[0,0],"16":[0,0],"17":[0,0],"18":[0,0,0,0],"19":[0,0,0],"20":[0,0],"21":[0,0],"22":[0,0],"23":[0,0],"24":[0,0],"25":[0,0],"26":[0,0],"27":[0,0],"28":[0,0],"29":[0,0],"30":[0,0],"31":[0,0],"32":[0,0],"33":[0,0],"34":[0,0],"35":[0,0],"36":[0,0],"37":[1,6],"38":[0,7],"39":[7,3],"40":[5,2],"41":[5,3],"42":[5,0],"43":[0,1],"44":[0,1],"45":[1,4],"46":[1,4],"47":[1,4],"48":[5,0],"49":[5,2],"50":[2,0],"51":[2,2],"52":[0,0],"53":[2,0],"54":[1,7],"55":[5,2],"56":[0,2],"57":[0,8],"58":[0,0],"59":[2,10],"60":[12,2,0],"61":[2,0],"62":[3,0],"63":[3,0,0],"64":[0,0],"65":[3,0],"66":[0,3],"67":[2,1],"68":[3,2,2],"69":[2,0],"70":[2,0],"71":[2,2]},"meta":{"lastBranch":72,"lastFunction":49,"lastStatement":156,"seen":{"s:20:29:20:Infinity":0,"s:22:61:808:Infinity":1,"f:22:61:22:62":0,"s:23:40:23:Infinity":2,"s:24:40:24:Infinity":3,"s:25:44:25:Infinity":4,"s:26:38:26:Infinity":5,"s:27:40:27:Infinity":6,"s:28:32:28:Infinity":7,"s:30:32:30:Infinity":8,"s:31:34:31:Infinity":9,"s:32:32:32:Infinity":10,"s:33:50:33:Infinity":11,"s:34:32:34:Infinity":12,"s:35:36:35:Infinity":13,"s:36:32:36:Infinity":14,"s:39:24:39:Infinity":15,"f:39:38:39:44":1,"s:39:44:39:104":16,"b:39:44:39:62:39:62:39:104":0,"s:41:23:43:Infinity":17,"f:41:23:41:24":2,"s:42:4:42:Infinity":18,"s:45:42:54:Infinity":19,"s:56:27:58:Infinity":20,"f:57:9:57:10":3,"s:57:22:57:36":21,"f:58:12:58:17":4,"s:58:17:58:36":22,"s:60:30:62:Infinity":23,"f:61:9:61:10":5,"s:61:22:61:36":24,"f:62:12:62:17":6,"s:62:17:62:31":25,"s:64:25:66:Infinity":26,"f:65:9:65:10":7,"s:65:22:65:36":27,"f:66:12:66:17":8,"s:66:17:66:32":28,"s:68:57:75:Infinity":29,"s:77:24:82:Infinity":30,"f:77:24:77:25":9,"b:78:4:78:Infinity:undefined:undefined:undefined:undefined":1,"s:78:4:78:Infinity":31,"s:78:21:78:Infinity":32,"b:79:4:79:Infinity:undefined:undefined:undefined:undefined":2,"s:79:4:79:Infinity":33,"s:79:21:79:Infinity":34,"b:80:4:80:Infinity:undefined:undefined:undefined:undefined":3,"s:80:4:80:Infinity":35,"s:80:21:80:Infinity":36,"s:81:4:81:Infinity":37,"s:84:23:665:Infinity":38,"b:85:4:375:Infinity:377:4:665:Infinity":4,"b:87:8:322:Infinity:324:8:373:Infinity":5,"b:86:7:86:45:86:45:86:69:86:69:86:Infinity":6,"b:110:24:110:Infinity:111:24:113:Infinity":7,"b:112:24:112:Infinity:113:24:113:Infinity":8,"b:135:19:135:69:135:69:135:Infinity":9,"b:139:21:139:70:139:70:139:Infinity":10,"b:142:21:142:76:142:76:142:93":11,"b:147:22:149:Infinity:150:22:150:Infinity":12,"b:148:24:148:Infinity:149:24:149:Infinity":13,"b:152:17:152:Infinity:153:18:160:Infinity":14,"f:165:25:165:37":10,"b:166:18:166:Infinity:undefined:undefined:undefined:undefined":15,"s:166:18:166:Infinity":39,"s:166:45:166:Infinity":40,"s:167:18:167:Infinity":41,"s:168:18:168:Infinity":42,"s:169:18:169:Infinity":43,"s:170:18:170:Infinity":44,"s:171:18:171:Infinity":45,"s:173:37:173:Infinity":46,"s:174:42:174:Infinity":47,"b:174:42:174:104:174:104:174:Infinity":16,"s:175:40:175:Infinity":48,"s:177:33:179:Infinity":49,"f:177:115:177:116":11,"s:178:20:178:Infinity":50,"f:178:33:178:41":12,"s:178:41:178:55":51,"s:180:18:180:Infinity":52,"s:181:18:181:Infinity":53,"s:182:18:182:Infinity":54,"b:188:18:191:Infinity:193:18:196:Infinity":17,"b:200:16:200:33:200:33:200:53:200:53:200:Infinity:201:16:208:Infinity":18,"f:204:45:204:46":13,"s:205:22:205:Infinity":55,"b:211:15:211:34:211:34:211:Infinity:212:16:217:Infinity":19,"b:220:15:220:Infinity:221:16:294:Infinity":20,"f:227:37:227:38":14,"s:228:34:228:Infinity":56,"b:228:50:228:80:228:80:228:Infinity":21,"s:229:37:229:Infinity":57,"s:230:35:230:Infinity":58,"s:231:20:291:Infinity":59,"b:241:36:241:Infinity:242:36:244:Infinity":22,"b:243:36:243:Infinity:244:36:244:Infinity":23,"b:249:114:249:169:249:169:249:221":24,"b:250:43:250:79:250:79:250:Infinity":25,"f:259:35:259:41":15,"b:260:28:260:Infinity:undefined:undefined:undefined:undefined":26,"s:260:28:260:Infinity":60,"s:260:55:260:Infinity":61,"s:261:56:266:Infinity":62,"s:267:28:267:Infinity":63,"s:268:28:274:Infinity":64,"f:268:39:268:45":16,"s:269:30:269:Infinity":65,"s:270:30:270:Infinity":66,"s:271:30:271:Infinity":67,"s:272:30:272:Infinity":68,"s:273:30:273:Infinity":69,"b:279:32:279:Infinity:280:32:280:Infinity":27,"b:284:28:286:Infinity:288:28:288:Infinity":28,"b:232:32:232:45:232:45:232:50":29,"f:303:59:303:60":17,"s:304:18:317:Infinity":70,"b:306:27:306:72:306:72:306:Infinity":30,"b:312:35:312:70:312:70:312:Infinity":31,"b:312:81:312:116:312:116:312:Infinity":32,"b:327:15:327:Infinity:328:16:330:Infinity":33,"b:332:15:332:Infinity:333:16:335:Infinity":34,"b:337:15:337:Infinity:338:16:340:Infinity":35,"b:356:15:356:Infinity:357:16:360:Infinity":36,"f:363:41:363:42":18,"s:364:16:369:Infinity":71,"b:392:12:416:Infinity:418:12:418:Infinity":37,"f:393:36:393:37":19,"s:394:16:414:Infinity":72,"f:396:27:396:33":20,"s:397:36:397:Infinity":73,"s:398:20:398:Infinity":74,"s:399:20:406:Infinity":75,"b:427:12:451:Infinity:453:12:453:Infinity":38,"f:428:39:428:40":21,"s:429:16:449:Infinity":76,"f:431:27:431:33":22,"s:432:36:432:Infinity":77,"s:433:20:433:Infinity":78,"s:434:20:441:Infinity":79,"f:472:26:472:27":23,"s:472:33:472:Infinity":80,"b:477:11:477:Infinity:478:12:480:Infinity":39,"b:483:12:632:Infinity:634:12:661:Infinity":40,"f:485:24:485:25":24,"s:485:34:485:91":81,"f:486:21:486:22":25,"s:487:36:487:Infinity":82,"s:488:35:488:Infinity":83,"s:489:31:489:Infinity":84,"b:489:31:489:63:489:63:489:Infinity":41,"s:490:18:629:Infinity":85,"b:494:36:494:58:494:58:494:64":42,"f:500:37:500:43":26,"s:501:46:501:Infinity":86,"s:502:30:502:Infinity":87,"s:503:30:510:Infinity":88,"f:521:37:521:49":27,"s:522:30:522:Infinity":89,"f:522:43:522:44":28,"s:522:54:522:82":90,"s:523:30:523:Infinity":91,"f:523:44:523:45":29,"s:523:55:523:85":92,"s:524:30:524:Infinity":93,"s:525:30:538:Infinity":94,"s:526:48:526:Infinity":95,"s:527:32:527:Infinity":96,"f:527:54:527:55":30,"s:527:65:527:98":97,"s:528:32:532:Infinity":98,"b:530:38:530:Infinity:531:38:531:Infinity":43,"b:531:104:531:110:531:110:531:112":44,"s:534:32:534:Infinity":99,"f:534:45:534:46":31,"s:534:56:534:125":100,"s:535:32:535:Infinity":101,"s:537:32:537:Infinity":102,"f:537:46:537:47":32,"s:537:57:537:88":103,"b:541:42:541:89:541:89:541:Infinity":45,"b:545:30:545:Infinity:547:30:547:Infinity":46,"b:549:41:549:58:549:58:549:Infinity":47,"b:552:25:552:Infinity:553:26:555:Infinity":48,"b:557:25:557:Infinity:558:26:626:Infinity":49,"f:559:38:559:39":33,"s:560:30:624:Infinity":104,"b:565:74:565:92:565:92:565:Infinity":50,"b:569:37:569:Infinity:570:38:580:Infinity":51,"f:572:49:572:50":34,"s:573:42:573:Infinity":105,"s:574:42:574:Infinity":106,"f:584:47:584:48":35,"s:585:40:585:Infinity":107,"s:586:40:591:Infinity":108,"s:587:57:587:Infinity":109,"b:588:42:590:Infinity:undefined:undefined:undefined:undefined":52,"s:588:42:590:Infinity":110,"s:589:44:589:Infinity":111,"f:589:88:589:94":36,"f:600:47:600:48":37,"s:601:40:601:Infinity":112,"s:602:40:615:Infinity":113,"s:603:54:609:Infinity":114,"s:610:42:610:Infinity":115,"s:611:42:611:Infinity":116,"s:612:42:612:Infinity":117,"f:612:57:612:65":38,"s:612:65:612:105":118,"s:614:42:614:Infinity":119,"b:560:40:560:50:560:50:560:53":53,"f:635:23:635:29":39,"s:636:16:649:Infinity":120,"s:667:2:806:Infinity":121,"f:684:27:684:33":40,"s:684:33:684:Infinity":122,"f:701:42:701:43":41,"s:702:35:702:Infinity":123,"b:705:14:714:Infinity:708:14:714:Infinity":54,"s:705:14:714:Infinity":124,"s:706:16:706:Infinity":125,"s:707:16:707:Infinity":126,"b:708:14:714:Infinity:711:14:714:Infinity":55,"s:708:14:714:Infinity":127,"s:709:16:709:Infinity":128,"s:710:16:710:Infinity":129,"b:711:14:714:Infinity:undefined:undefined:undefined:undefined":56,"s:711:14:714:Infinity":130,"s:712:16:712:Infinity":131,"s:713:16:713:Infinity":132,"s:716:31:716:Infinity":133,"b:717:14:719:Infinity:undefined:undefined:undefined:undefined":57,"s:717:14:719:Infinity":134,"s:718:16:718:Infinity":135,"s:721:14:787:Infinity":136,"f:725:25:725:31":42,"b:726:18:737:Infinity:735:25:737:Infinity":58,"s:726:18:737:Infinity":137,"s:727:20:734:Infinity":138,"s:736:20:736:Infinity":139,"f:740:59:740:60":43,"b:742:18:782:Infinity:undefined:undefined:undefined:undefined":59,"s:742:18:782:Infinity":140,"b:742:22:742:48:742:48:742:73:742:73:742:102":60,"s:744:35:744:Infinity":141,"b:745:21:781:Infinity:undefined:undefined:undefined:undefined":61,"s:745:21:781:Infinity":142,"s:746:35:746:Infinity":143,"f:746:59:746:64":44,"s:746:64:746:72":144,"s:747:22:779:Infinity":145,"f:749:36:749:37":45,"s:750:43:750:Infinity":146,"s:751:42:751:Infinity":147,"b:751:51:751:74:751:74:751:Infinity":62,"s:752:48:752:Infinity":148,"b:752:48:752:87:752:87:752:119:752:119:752:Infinity":63,"s:754:28:776:Infinity":149,"f:757:41:757:42":46,"s:758:34:758:Infinity":150,"b:759:34:764:Infinity:undefined:undefined:undefined:undefined":64,"s:759:34:764:Infinity":151,"s:759:46:764:Infinity":152,"b:768:43:768:66:768:66:768:Infinity":65,"b:769:48:769:120:769:120:769:Infinity":66,"b:774:36:774:Infinity:775:36:775:Infinity":67,"b:773:33:773:59:773:59:773:93:773:93:773:Infinity":68,"b:774:40:774:94:774:94:774:104":69,"b:774:172:774:208:774:208:774:210":70,"b:774:107:774:138:774:138:774:172":71,"s:783:18:783:Infinity":153,"f:801:17:801:23":47,"s:801:23:801:Infinity":154,"f:804:28:804:29":48,"s:804:41:804:Infinity":155}}}
,"C:\\Users\\cgatt\\RefScore\\src\\components\\GuidedFixOverlay.tsx": {"path":"C:\\Users\\cgatt\\RefScore\\src\\components\\GuidedFixOverlay.tsx","statementMap":{"0":{"start":{"line":15,"column":65},"end":{"line":373,"column":null}},"1":{"start":{"line":22,"column":44},"end":{"line":22,"column":null}},"2":{"start":{"line":23,"column":28},"end":{"line":23,"column":null}},"3":{"start":{"line":24,"column":36},"end":{"line":24,"column":null}},"4":{"start":{"line":25,"column":38},"end":{"line":25,"column":null}},"5":{"start":{"line":27,"column":2},"end":{"line":32,"column":null}},"6":{"start":{"line":28,"column":4},"end":{"line":31,"column":null}},"7":{"start":{"line":29,"column":20},"end":{"line":29,"column":null}},"8":{"start":{"line":29,"column":37},"end":{"line":29,"column":60}},"9":{"start":{"line":30,"column":6},"end":{"line":30,"column":null}},"10":{"start":{"line":30,"column":19},"end":{"line":30,"column":null}},"11":{"start":{"line":35,"column":8},"end":{"line":38,"column":null}},"12":{"start":{"line":36,"column":4},"end":{"line":36,"column":null}},"13":{"start":{"line":36,"column":17},"end":{"line":36,"column":null}},"14":{"start":{"line":37,"column":4},"end":{"line":37,"column":null}},"15":{"start":{"line":40,"column":24},"end":{"line":40,"column":null}},"16":{"start":{"line":43,"column":2},"end":{"line":45,"column":null}},"17":{"start":{"line":44,"column":4},"end":{"line":44,"column":null}},"18":{"start":{"line":47,"column":2},"end":{"line":47,"column":null}},"19":{"start":{"line":47,"column":15},"end":{"line":47,"column":null}},"20":{"start":{"line":49,"column":2},"end":{"line":67,"column":null}},"21":{"start":{"line":50,"column":4},"end":{"line":65,"column":null}},"22":{"start":{"line":69,"column":2},"end":{"line":87,"column":null}},"23":{"start":{"line":70,"column":5},"end":{"line":85,"column":null}},"24":{"start":{"line":89,"column":22},"end":{"line":125,"column":null}},"25":{"start":{"line":91,"column":4},"end":{"line":91,"column":null}},"26":{"start":{"line":91,"column":23},"end":{"line":91,"column":100}},"27":{"start":{"line":94,"column":18},"end":{"line":94,"column":null}},"28":{"start":{"line":95,"column":4},"end":{"line":116,"column":null}},"29":{"start":{"line":103,"column":33},"end":{"line":103,"column":null}},"30":{"start":{"line":107,"column":8},"end":{"line":110,"column":null}},"31":{"start":{"line":108,"column":35},"end":{"line":108,"column":null}},"32":{"start":{"line":109,"column":13},"end":{"line":109,"column":null}},"33":{"start":{"line":114,"column":8},"end":{"line":114,"column":null}},"34":{"start":{"line":115,"column":8},"end":{"line":115,"column":null}},"35":{"start":{"line":119,"column":4},"end":{"line":119,"column":null}},"36":{"start":{"line":120,"column":4},"end":{"line":120,"column":null}},"37":{"start":{"line":121,"column":4},"end":{"line":121,"column":null}},"38":{"start":{"line":124,"column":4},"end":{"line":124,"column":null}},"39":{"start":{"line":124,"column":31},"end":{"line":124,"column":39}},"40":{"start":{"line":127,"column":25},"end":{"line":186,"column":null}},"41":{"start":{"line":129,"column":4},"end":{"line":129,"column":null}},"42":{"start":{"line":129,"column":23},"end":{"line":129,"column":105}},"43":{"start":{"line":131,"column":18},"end":{"line":131,"column":null}},"44":{"start":{"line":132,"column":23},"end":{"line":132,"column":null}},"45":{"start":{"line":135,"column":29},"end":{"line":135,"column":null}},"46":{"start":{"line":135,"column":72},"end":{"line":135,"column":101}},"47":{"start":{"line":138,"column":30},"end":{"line":138,"column":null}},"48":{"start":{"line":139,"column":4},"end":{"line":143,"column":null}},"49":{"start":{"line":140,"column":21},"end":{"line":140,"column":null}},"50":{"start":{"line":141,"column":8},"end":{"line":141,"column":null}},"51":{"start":{"line":142,"column":8},"end":{"line":142,"column":null}},"52":{"start":{"line":146,"column":4},"end":{"line":164,"column":null}},"53":{"start":{"line":147,"column":33},"end":{"line":147,"column":null}},"54":{"start":{"line":150,"column":8},"end":{"line":163,"column":null}},"55":{"start":{"line":151,"column":32},"end":{"line":151,"column":null}},"56":{"start":{"line":152,"column":12},"end":{"line":156,"column":null}},"57":{"start":{"line":153,"column":16},"end":{"line":155,"column":null}},"58":{"start":{"line":154,"column":20},"end":{"line":154,"column":null}},"59":{"start":{"line":159,"column":12},"end":{"line":162,"column":null}},"60":{"start":{"line":160,"column":16},"end":{"line":160,"column":null}},"61":{"start":{"line":161,"column":16},"end":{"line":161,"column":null}},"62":{"start":{"line":166,"column":4},"end":{"line":185,"column":null}},"63":{"start":{"line":168,"column":8},"end":{"line":168,"column":null}},"64":{"start":{"line":169,"column":8},"end":{"line":169,"column":null}},"65":{"start":{"line":170,"column":8},"end":{"line":170,"column":null}},"66":{"start":{"line":174,"column":32},"end":{"line":174,"column":null}},"67":{"start":{"line":174,"column":65},"end":{"line":174,"column":113}},"68":{"start":{"line":176,"column":8},"end":{"line":181,"column":null}},"69":{"start":{"line":177,"column":12},"end":{"line":177,"column":null}},"70":{"start":{"line":180,"column":12},"end":{"line":180,"column":null}},"71":{"start":{"line":184,"column":8},"end":{"line":184,"column":null}},"72":{"start":{"line":188,"column":21},"end":{"line":190,"column":null}},"73":{"start":{"line":189,"column":4},"end":{"line":189,"column":null}},"74":{"start":{"line":189,"column":31},"end":{"line":189,"column":39}},"75":{"start":{"line":192,"column":21},"end":{"line":200,"column":null}},"76":{"start":{"line":193,"column":4},"end":{"line":193,"column":null}},"77":{"start":{"line":193,"column":30},"end":{"line":193,"column":null}},"78":{"start":{"line":194,"column":26},"end":{"line":194,"column":null}},"79":{"start":{"line":195,"column":4},"end":{"line":195,"column":null}},"80":{"start":{"line":196,"column":4},"end":{"line":196,"column":null}},"81":{"start":{"line":197,"column":4},"end":{"line":197,"column":null}},"82":{"start":{"line":197,"column":23},"end":{"line":197,"column":40}},"83":{"start":{"line":198,"column":4},"end":{"line":198,"column":null}},"84":{"start":{"line":198,"column":31},"end":{"line":198,"column":52}},"85":{"start":{"line":199,"column":4},"end":{"line":199,"column":null}},"86":{"start":{"line":203,"column":21},"end":{"line":203,"column":null}},"87":{"start":{"line":205,"column":2},"end":{"line":371,"column":null}},"88":{"start":{"line":299,"column":32},"end":{"line":302,"column":null}},"89":{"start":{"line":325,"column":58},"end":{"line":325,"column":100}},"90":{"start":{"line":327,"column":52},"end":{"line":327,"column":94}}},"fnMap":{"0":{"name":"(anonymous_0)","decl":{"start":{"line":15,"column":65},"end":{"line":15,"column":66}},"loc":{"start":{"line":21,"column":6},"end":{"line":373,"column":null}},"line":21},"1":{"name":"(anonymous_1)","decl":{"start":{"line":27,"column":12},"end":{"line":27,"column":18}},"loc":{"start":{"line":27,"column":18},"end":{"line":32,"column":5}},"line":27},"2":{"name":"(anonymous_2)","decl":{"start":{"line":29,"column":31},"end":{"line":29,"column":37}},"loc":{"start":{"line":29,"column":37},"end":{"line":29,"column":60}},"line":29},"3":{"name":"(anonymous_3)","decl":{"start":{"line":30,"column":13},"end":{"line":30,"column":19}},"loc":{"start":{"line":30,"column":19},"end":{"line":30,"column":null}},"line":30},"4":{"name":"(anonymous_4)","decl":{"start":{"line":35,"column":26},"end":{"line":35,"column":32}},"loc":{"start":{"line":35,"column":32},"end":{"line":38,"column":5}},"line":35},"5":{"name":"(anonymous_5)","decl":{"start":{"line":43,"column":12},"end":{"line":43,"column":18}},"loc":{"start":{"line":43,"column":18},"end":{"line":45,"column":5}},"line":43},"6":{"name":"(anonymous_6)","decl":{"start":{"line":89,"column":22},"end":{"line":89,"column":28}},"loc":{"start":{"line":89,"column":28},"end":{"line":125,"column":null}},"line":89},"7":{"name":"(anonymous_7)","decl":{"start":{"line":91,"column":15},"end":{"line":91,"column":23}},"loc":{"start":{"line":91,"column":23},"end":{"line":91,"column":100}},"line":91},"8":{"name":"(anonymous_8)","decl":{"start":{"line":124,"column":23},"end":{"line":124,"column":31}},"loc":{"start":{"line":124,"column":31},"end":{"line":124,"column":39}},"line":124},"9":{"name":"(anonymous_9)","decl":{"start":{"line":127,"column":25},"end":{"line":127,"column":31}},"loc":{"start":{"line":127,"column":31},"end":{"line":186,"column":null}},"line":127},"10":{"name":"(anonymous_10)","decl":{"start":{"line":129,"column":15},"end":{"line":129,"column":23}},"loc":{"start":{"line":129,"column":23},"end":{"line":129,"column":105}},"line":129},"11":{"name":"(anonymous_11)","decl":{"start":{"line":135,"column":67},"end":{"line":135,"column":72}},"loc":{"start":{"line":135,"column":72},"end":{"line":135,"column":101}},"line":135},"12":{"name":"(anonymous_12)","decl":{"start":{"line":139,"column":29},"end":{"line":139,"column":39}},"loc":{"start":{"line":139,"column":39},"end":{"line":143,"column":5}},"line":139},"13":{"name":"(anonymous_13)","decl":{"start":{"line":146,"column":30},"end":{"line":146,"column":31}},"loc":{"start":{"line":146,"column":58},"end":{"line":164,"column":5}},"line":146},"14":{"name":"(anonymous_14)","decl":{"start":{"line":152,"column":28},"end":{"line":152,"column":38}},"loc":{"start":{"line":152,"column":38},"end":{"line":156,"column":13}},"line":152},"15":{"name":"(anonymous_15)","decl":{"start":{"line":174,"column":50},"end":{"line":174,"column":51}},"loc":{"start":{"line":174,"column":65},"end":{"line":174,"column":113}},"line":174},"16":{"name":"(anonymous_16)","decl":{"start":{"line":188,"column":21},"end":{"line":188,"column":27}},"loc":{"start":{"line":188,"column":27},"end":{"line":190,"column":null}},"line":188},"17":{"name":"(anonymous_17)","decl":{"start":{"line":189,"column":23},"end":{"line":189,"column":31}},"loc":{"start":{"line":189,"column":31},"end":{"line":189,"column":39}},"line":189},"18":{"name":"(anonymous_18)","decl":{"start":{"line":192,"column":21},"end":{"line":192,"column":27}},"loc":{"start":{"line":192,"column":27},"end":{"line":200,"column":null}},"line":192},"19":{"name":"(anonymous_19)","decl":{"start":{"line":197,"column":15},"end":{"line":197,"column":23}},"loc":{"start":{"line":197,"column":23},"end":{"line":197,"column":40}},"line":197},"20":{"name":"(anonymous_20)","decl":{"start":{"line":198,"column":23},"end":{"line":198,"column":31}},"loc":{"start":{"line":198,"column":31},"end":{"line":198,"column":52}},"line":198},"21":{"name":"(anonymous_21)","decl":{"start":{"line":298,"column":40},"end":{"line":298,"column":41}},"loc":{"start":{"line":299,"column":32},"end":{"line":302,"column":null}},"line":299},"22":{"name":"(anonymous_22)","decl":{"start":{"line":325,"column":48},"end":{"line":325,"column":49}},"loc":{"start":{"line":325,"column":58},"end":{"line":325,"column":100}},"line":325},"23":{"name":"(anonymous_23)","decl":{"start":{"line":327,"column":42},"end":{"line":327,"column":43}},"loc":{"start":{"line":327,"column":52},"end":{"line":327,"column":94}},"line":327}},"branchMap":{"0":{"loc":{"start":{"line":28,"column":4},"end":{"line":31,"column":null}},"type":"if","locations":[{"start":{"line":28,"column":4},"end":{"line":31,"column":null}},{"start":{},"end":{}}],"line":28},"1":{"loc":{"start":{"line":36,"column":4},"end":{"line":36,"column":null}},"type":"if","locations":[{"start":{"line":36,"column":4},"end":{"line":36,"column":null}},{"start":{},"end":{}}],"line":36},"2":{"loc":{"start":{"line":47,"column":2},"end":{"line":47,"column":null}},"type":"if","locations":[{"start":{"line":47,"column":2},"end":{"line":47,"column":null}},{"start":{},"end":{}}],"line":47},"3":{"loc":{"start":{"line":49,"column":2},"end":{"line":67,"column":null}},"type":"if","locations":[{"start":{"line":49,"column":2},"end":{"line":67,"column":null}},{"start":{},"end":{}}],"line":49},"4":{"loc":{"start":{"line":69,"column":2},"end":{"line":87,"column":null}},"type":"if","locations":[{"start":{"line":69,"column":2},"end":{"line":87,"column":null}},{"start":{},"end":{}}],"line":69},"5":{"loc":{"start":{"line":95,"column":4},"end":{"line":116,"column":null}},"type":"if","locations":[{"start":{"line":95,"column":4},"end":{"line":116,"column":null}},{"start":{"line":111,"column":11},"end":{"line":116,"column":null}}],"line":95},"6":{"loc":{"start":{"line":107,"column":8},"end":{"line":110,"column":null}},"type":"if","locations":[{"start":{"line":107,"column":8},"end":{"line":110,"column":null}},{"start":{},"end":{}}],"line":107},"7":{"loc":{"start":{"line":135,"column":72},"end":{"line":135,"column":101}},"type":"binary-expr","locations":[{"start":{"line":135,"column":72},"end":{"line":135,"column":94}},{"start":{"line":135,"column":94},"end":{"line":135,"column":101}}],"line":135},"8":{"loc":{"start":{"line":140,"column":21},"end":{"line":140,"column":null}},"type":"binary-expr","locations":[{"start":{"line":140,"column":21},"end":{"line":140,"column":68}},{"start":{"line":140,"column":68},"end":{"line":140,"column":null}}],"line":140},"9":{"loc":{"start":{"line":150,"column":8},"end":{"line":163,"column":null}},"type":"if","locations":[{"start":{"line":150,"column":8},"end":{"line":163,"column":null}},{"start":{},"end":{}}],"line":150},"10":{"loc":{"start":{"line":153,"column":16},"end":{"line":155,"column":null}},"type":"if","locations":[{"start":{"line":153,"column":16},"end":{"line":155,"column":null}},{"start":{},"end":{}}],"line":153},"11":{"loc":{"start":{"line":159,"column":12},"end":{"line":162,"column":null}},"type":"if","locations":[{"start":{"line":159,"column":12},"end":{"line":162,"column":null}},{"start":{},"end":{}}],"line":159},"12":{"loc":{"start":{"line":166,"column":4},"end":{"line":185,"column":null}},"type":"if","locations":[{"start":{"line":166,"column":4},"end":{"line":185,"column":null}},{"start":{"line":182,"column":11},"end":{"line":185,"column":null}}],"line":166},"13":{"loc":{"start":{"line":174,"column":65},"end":{"line":174,"column":113}},"type":"binary-expr","locations":[{"start":{"line":174,"column":65},"end":{"line":174,"column":89}},{"start":{"line":174,"column":89},"end":{"line":174,"column":113}}],"line":174},"14":{"loc":{"start":{"line":176,"column":8},"end":{"line":181,"column":null}},"type":"if","locations":[{"start":{"line":176,"column":8},"end":{"line":181,"column":null}},{"start":{"line":178,"column":15},"end":{"line":181,"column":null}}],"line":176},"15":{"loc":{"start":{"line":193,"column":4},"end":{"line":193,"column":null}},"type":"if","locations":[{"start":{"line":193,"column":4},"end":{"line":193,"column":null}},{"start":{},"end":{}}],"line":193},"16":{"loc":{"start":{"line":277,"column":24},"end":{"line":279,"column":null}},"type":"cond-expr","locations":[{"start":{"line":277,"column":60},"end":{"line":277,"column":null}},{"start":{"line":278,"column":24},"end":{"line":279,"column":null}}],"line":277},"17":{"loc":{"start":{"line":278,"column":24},"end":{"line":279,"column":null}},"type":"cond-expr","locations":[{"start":{"line":278,"column":62},"end":{"line":278,"column":null}},{"start":{"line":279,"column":24},"end":{"line":279,"column":null}}],"line":278},"18":{"loc":{"start":{"line":287,"column":21},"end":{"line":291,"column":null}},"type":"binary-expr","locations":[{"start":{"line":287,"column":21},"end":{"line":287,"column":null}},{"start":{"line":288,"column":22},"end":{"line":291,"column":null}}],"line":287},"19":{"loc":{"start":{"line":295,"column":25},"end":{"line":303,"column":null}},"type":"cond-expr","locations":[{"start":{"line":296,"column":28},"end":{"line":296,"column":null}},{"start":{"line":298,"column":28},"end":{"line":303,"column":null}}],"line":295},"20":{"loc":{"start":{"line":314,"column":28},"end":{"line":316,"column":null}},"type":"cond-expr","locations":[{"start":{"line":315,"column":30},"end":{"line":315,"column":null}},{"start":{"line":316,"column":30},"end":{"line":316,"column":null}}],"line":314},"21":{"loc":{"start":{"line":320,"column":25},"end":{"line":320,"column":null}},"type":"cond-expr","locations":[{"start":{"line":320,"column":58},"end":{"line":320,"column":72}},{"start":{"line":320,"column":72},"end":{"line":320,"column":null}}],"line":320},"22":{"loc":{"start":{"line":325,"column":58},"end":{"line":325,"column":100}},"type":"binary-expr","locations":[{"start":{"line":325,"column":58},"end":{"line":325,"column":82}},{"start":{"line":325,"column":82},"end":{"line":325,"column":100}}],"line":325},"23":{"loc":{"start":{"line":327,"column":29},"end":{"line":329,"column":null}},"type":"cond-expr","locations":[{"start":{"line":328,"column":31},"end":{"line":328,"column":null}},{"start":{"line":329,"column":31},"end":{"line":329,"column":null}}],"line":327},"24":{"loc":{"start":{"line":327,"column":52},"end":{"line":327,"column":94}},"type":"binary-expr","locations":[{"start":{"line":327,"column":52},"end":{"line":327,"column":76}},{"start":{"line":327,"column":76},"end":{"line":327,"column":94}}],"line":327},"25":{"loc":{"start":{"line":347,"column":32},"end":{"line":349,"column":null}},"type":"cond-expr","locations":[{"start":{"line":348,"column":34},"end":{"line":348,"column":null}},{"start":{"line":349,"column":34},"end":{"line":349,"column":null}}],"line":347}},"s":{"0":1,"1":8,"2":8,"3":8,"4":8,"5":8,"6":3,"7":0,"8":0,"9":0,"10":0,"11":8,"12":3,"13":0,"14":3,"15":8,"16":8,"17":3,"18":8,"19":8,"20":0,"21":0,"22":0,"23":0,"24":0,"25":0,"26":0,"27":0,"28":0,"29":0,"30":0,"31":0,"32":0,"33":0,"34":0,"35":0,"36":0,"37":0,"38":0,"39":0,"40":0,"41":0,"42":0,"43":0,"44":0,"45":0,"46":0,"47":0,"48":0,"49":0,"50":0,"51":0,"52":0,"53":0,"54":0,"55":0,"56":0,"57":0,"58":0,"59":0,"60":0,"61":0,"62":0,"63":0,"64":0,"65":0,"66":0,"67":0,"68":0,"69":0,"70":0,"71":0,"72":0,"73":0,"74":0,"75":0,"76":0,"77":0,"78":0,"79":0,"80":0,"81":0,"82":0,"83":0,"84":0,"85":0,"86":0,"87":0,"88":0,"89":0,"90":0},"f":{"0":8,"1":3,"2":0,"3":0,"4":3,"5":3,"6":0,"7":0,"8":0,"9":0,"10":0,"11":0,"12":0,"13":0,"14":0,"15":0,"16":0,"17":0,"18":0,"19":0,"20":0,"21":0,"22":0,"23":0},"b":{"0":[0,3],"1":[0,3],"2":[8,0],"3":[0,0],"4":[0,0],"5":[0,0],"6":[0,0],"7":[0,0],"8":[0,0],"9":[0,0],"10":[0,0],"11":[0,0],"12":[0,0],"13":[0,0],"14":[0,0],"15":[0,0],"16":[0,0],"17":[0,0],"18":[8,0],"19":[0,0],"20":[0,0],"21":[0,0],"22":[0,0],"23":[0,0],"24":[0,0],"25":[0,0]},"meta":{"lastBranch":26,"lastFunction":24,"lastStatement":91,"seen":{"s:15:65:373:Infinity":0,"f:15:65:15:66":0,"s:22:44:22:Infinity":1,"s:23:28:23:Infinity":2,"s:24:36:24:Infinity":3,"s:25:38:25:Infinity":4,"s:27:2:32:Infinity":5,"f:27:12:27:18":1,"b:28:4:31:Infinity:undefined:undefined:undefined:undefined":0,"s:28:4:31:Infinity":6,"s:29:20:29:Infinity":7,"f:29:31:29:37":2,"s:29:37:29:60":8,"s:30:6:30:Infinity":9,"f:30:13:30:19":3,"s:30:19:30:Infinity":10,"s:35:8:38:Infinity":11,"f:35:26:35:32":4,"b:36:4:36:Infinity:undefined:undefined:undefined:undefined":1,"s:36:4:36:Infinity":12,"s:36:17:36:Infinity":13,"s:37:4:37:Infinity":14,"s:40:24:40:Infinity":15,"s:43:2:45:Infinity":16,"f:43:12:43:18":5,"s:44:4:44:Infinity":17,"b:47:2:47:Infinity:undefined:undefined:undefined:undefined":2,"s:47:2:47:Infinity":18,"s:47:15:47:Infinity":19,"b:49:2:67:Infinity:undefined:undefined:undefined:undefined":3,"s:49:2:67:Infinity":20,"s:50:4:65:Infinity":21,"b:69:2:87:Infinity:undefined:undefined:undefined:undefined":4,"s:69:2:87:Infinity":22,"s:70:5:85:Infinity":23,"s:89:22:125:Infinity":24,"f:89:22:89:28":6,"s:91:4:91:Infinity":25,"f:91:15:91:23":7,"s:91:23:91:100":26,"s:94:18:94:Infinity":27,"b:95:4:116:Infinity:111:11:116:Infinity":5,"s:95:4:116:Infinity":28,"s:103:33:103:Infinity":29,"b:107:8:110:Infinity:undefined:undefined:undefined:undefined":6,"s:107:8:110:Infinity":30,"s:108:35:108:Infinity":31,"s:109:13:109:Infinity":32,"s:114:8:114:Infinity":33,"s:115:8:115:Infinity":34,"s:119:4:119:Infinity":35,"s:120:4:120:Infinity":36,"s:121:4:121:Infinity":37,"s:124:4:124:Infinity":38,"f:124:23:124:31":8,"s:124:31:124:39":39,"s:127:25:186:Infinity":40,"f:127:25:127:31":9,"s:129:4:129:Infinity":41,"f:129:15:129:23":10,"s:129:23:129:105":42,"s:131:18:131:Infinity":43,"s:132:23:132:Infinity":44,"s:135:29:135:Infinity":45,"f:135:67:135:72":11,"s:135:72:135:101":46,"b:135:72:135:94:135:94:135:101":7,"s:138:30:138:Infinity":47,"s:139:4:143:Infinity":48,"f:139:29:139:39":12,"s:140:21:140:Infinity":49,"b:140:21:140:68:140:68:140:Infinity":8,"s:141:8:141:Infinity":50,"s:142:8:142:Infinity":51,"s:146:4:164:Infinity":52,"f:146:30:146:31":13,"s:147:33:147:Infinity":53,"b:150:8:163:Infinity:undefined:undefined:undefined:undefined":9,"s:150:8:163:Infinity":54,"s:151:32:151:Infinity":55,"s:152:12:156:Infinity":56,"f:152:28:152:38":14,"b:153:16:155:Infinity:undefined:undefined:undefined:undefined":10,"s:153:16:155:Infinity":57,"s:154:20:154:Infinity":58,"b:159:12:162:Infinity:undefined:undefined:undefined:undefined":11,"s:159:12:162:Infinity":59,"s:160:16:160:Infinity":60,"s:161:16:161:Infinity":61,"b:166:4:185:Infinity:182:11:185:Infinity":12,"s:166:4:185:Infinity":62,"s:168:8:168:Infinity":63,"s:169:8:169:Infinity":64,"s:170:8:170:Infinity":65,"s:174:32:174:Infinity":66,"f:174:50:174:51":15,"s:174:65:174:113":67,"b:174:65:174:89:174:89:174:113":13,"b:176:8:181:Infinity:178:15:181:Infinity":14,"s:176:8:181:Infinity":68,"s:177:12:177:Infinity":69,"s:180:12:180:Infinity":70,"s:184:8:184:Infinity":71,"s:188:21:190:Infinity":72,"f:188:21:188:27":16,"s:189:4:189:Infinity":73,"f:189:23:189:31":17,"s:189:31:189:39":74,"s:192:21:200:Infinity":75,"f:192:21:192:27":18,"b:193:4:193:Infinity:undefined:undefined:undefined:undefined":15,"s:193:4:193:Infinity":76,"s:193:30:193:Infinity":77,"s:194:26:194:Infinity":78,"s:195:4:195:Infinity":79,"s:196:4:196:Infinity":80,"s:197:4:197:Infinity":81,"f:197:15:197:23":19,"s:197:23:197:40":82,"s:198:4:198:Infinity":83,"f:198:23:198:31":20,"s:198:31:198:52":84,"s:199:4:199:Infinity":85,"s:203:21:203:Infinity":86,"s:205:2:371:Infinity":87,"b:277:60:277:Infinity:278:24:279:Infinity":16,"b:278:62:278:Infinity:279:24:279:Infinity":17,"b:287:21:287:Infinity:288:22:291:Infinity":18,"b:296:28:296:Infinity:298:28:303:Infinity":19,"f:298:40:298:41":21,"s:299:32:302:Infinity":88,"b:315:30:315:Infinity:316:30:316:Infinity":20,"b:320:58:320:72:320:72:320:Infinity":21,"f:325:48:325:49":22,"s:325:58:325:100":89,"b:325:58:325:82:325:82:325:100":22,"b:328:31:328:Infinity:329:31:329:Infinity":23,"f:327:42:327:43":23,"s:327:52:327:94":90,"b:327:52:327:76:327:76:327:94":24,"b:348:34:348:Infinity:349:34:349:Infinity":25}}}
,"C:\\Users\\cgatt\\RefScore\\src\\components\\Icons.tsx": {"path":"C:\\Users\\cgatt\\RefScore\\src\\components\\Icons.tsx","statementMap":{"0":{"start":{"line":35,"column":21},"end":{"line":72,"column":null}}},"fnMap":{},"branchMap":{},"s":{"0":1},"f":{},"b":{},"meta":{"lastBranch":0,"lastFunction":0,"lastStatement":1,"seen":{"s:35:21:72:Infinity":0}}}
,"C:\\Users\\cgatt\\RefScore\\src\\components\\RadarChart.tsx": {"path":"C:\\Users\\cgatt\\RefScore\\src\\components\\RadarChart.tsx","statementMap":{"0":{"start":{"line":17,"column":53},"end":{"line":58,"column":null}},"1":{"start":{"line":18,"column":20},"end":{"line":22,"column":null}},"2":{"start":{"line":18,"column":64},"end":{"line":22,"column":4}},"3":{"start":{"line":24,"column":2},"end":{"line":56,"column":null}}},"fnMap":{"0":{"name":"(anonymous_0)","decl":{"start":{"line":17,"column":53},"end":{"line":17,"column":54}},"loc":{"start":{"line":17,"column":67},"end":{"line":58,"column":null}},"line":17},"1":{"name":"(anonymous_1)","decl":{"start":{"line":18,"column":45},"end":{"line":18,"column":46}},"loc":{"start":{"line":18,"column":64},"end":{"line":22,"column":4}},"line":18}},"branchMap":{},"s":{"0":1,"1":0,"2":0,"3":0},"f":{"0":0,"1":0},"b":{},"meta":{"lastBranch":0,"lastFunction":2,"lastStatement":4,"seen":{"s:17:53:58:Infinity":0,"f:17:53:17:54":0,"s:18:20:22:Infinity":1,"f:18:45:18:46":1,"s:18:64:22:4":2,"s:24:2:56:Infinity":3}}}
,"C:\\Users\\cgatt\\RefScore\\src\\services\\CitationFinderService.ts": {"path":"C:\\Users\\cgatt\\RefScore\\src\\services\\CitationFinderService.ts","statementMap":{"0":{"start":{"line":9,"column":2},"end":{"line":9,"column":null}},"1":{"start":{"line":10,"column":2},"end":{"line":10,"column":null}},"2":{"start":{"line":11,"column":2},"end":{"line":11,"column":null}},"3":{"start":{"line":15,"column":4},"end":{"line":15,"column":null}},"4":{"start":{"line":24,"column":27},"end":{"line":25,"column":null}},"5":{"start":{"line":25,"column":6},"end":{"line":25,"column":null}},"6":{"start":{"line":27,"column":4},"end":{"line":27,"column":null}},"7":{"start":{"line":28,"column":19},"end":{"line":32,"column":null}},"8":{"start":{"line":30,"column":19},"end":{"line":30,"column":147}},"9":{"start":{"line":33,"column":21},"end":{"line":33,"column":null}},"10":{"start":{"line":34,"column":10},"end":{"line":34,"column":null}},"11":{"start":{"line":36,"column":20},"end":{"line":40,"column":null}},"12":{"start":{"line":40,"column":18},"end":{"line":40,"column":42}},"13":{"start":{"line":42,"column":4},"end":{"line":42,"column":null}},"14":{"start":{"line":43,"column":26},"end":{"line":43,"column":null}},"15":{"start":{"line":44,"column":44},"end":{"line":44,"column":null}},"16":{"start":{"line":45,"column":4},"end":{"line":49,"column":null}},"17":{"start":{"line":46,"column":6},"end":{"line":46,"column":null}},"18":{"start":{"line":47,"column":18},"end":{"line":47,"column":null}},"19":{"start":{"line":48,"column":6},"end":{"line":48,"column":null}},"20":{"start":{"line":51,"column":4},"end":{"line":51,"column":null}},"21":{"start":{"line":52,"column":17},"end":{"line":52,"column":null}},"22":{"start":{"line":53,"column":29},"end":{"line":58,"column":null}},"23":{"start":{"line":54,"column":12},"end":{"line":54,"column":null}},"24":{"start":{"line":55,"column":6},"end":{"line":55,"column":null}},"25":{"start":{"line":55,"column":25},"end":{"line":55,"column":null}},"26":{"start":{"line":56,"column":6},"end":{"line":56,"column":null}},"27":{"start":{"line":57,"column":6},"end":{"line":57,"column":null}},"28":{"start":{"line":58,"column":20},"end":{"line":58,"column":115}},"29":{"start":{"line":60,"column":4},"end":{"line":63,"column":null}},"30":{"start":{"line":61,"column":6},"end":{"line":61,"column":null}},"31":{"start":{"line":62,"column":6},"end":{"line":62,"column":null}},"32":{"start":{"line":65,"column":4},"end":{"line":65,"column":null}},"33":{"start":{"line":66,"column":19},"end":{"line":66,"column":null}},"34":{"start":{"line":67,"column":4},"end":{"line":88,"column":null}},"35":{"start":{"line":68,"column":21},"end":{"line":71,"column":null}},"36":{"start":{"line":69,"column":22},"end":{"line":69,"column":null}},"37":{"start":{"line":70,"column":8},"end":{"line":70,"column":null}},"38":{"start":{"line":72,"column":6},"end":{"line":75,"column":null}},"39":{"start":{"line":73,"column":8},"end":{"line":73,"column":null}},"40":{"start":{"line":74,"column":8},"end":{"line":74,"column":null}},"41":{"start":{"line":76,"column":6},"end":{"line":76,"column":null}},"42":{"start":{"line":77,"column":18},"end":{"line":77,"column":null}},"43":{"start":{"line":78,"column":24},"end":{"line":81,"column":null}},"44":{"start":{"line":79,"column":22},"end":{"line":79,"column":null}},"45":{"start":{"line":80,"column":8},"end":{"line":80,"column":null}},"46":{"start":{"line":82,"column":6},"end":{"line":85,"column":null}},"47":{"start":{"line":83,"column":8},"end":{"line":83,"column":null}},"48":{"start":{"line":84,"column":8},"end":{"line":84,"column":null}},"49":{"start":{"line":86,"column":6},"end":{"line":86,"column":null}},"50":{"start":{"line":87,"column":6},"end":{"line":87,"column":null}},"51":{"start":{"line":89,"column":4},"end":{"line":89,"column":null}},"52":{"start":{"line":97,"column":19},"end":{"line":101,"column":null}},"53":{"start":{"line":99,"column":19},"end":{"line":99,"column":161}},"54":{"start":{"line":104,"column":4},"end":{"line":109,"column":null}},"55":{"start":{"line":105,"column":25},"end":{"line":105,"column":null}},"56":{"start":{"line":106,"column":8},"end":{"line":108,"column":null}},"57":{"start":{"line":107,"column":12},"end":{"line":107,"column":null}},"58":{"start":{"line":112,"column":4},"end":{"line":114,"column":null}},"59":{"start":{"line":113,"column":8},"end":{"line":113,"column":null}},"60":{"start":{"line":113,"column":84},"end":{"line":113,"column":96}},"61":{"start":{"line":116,"column":4},"end":{"line":119,"column":null}},"62":{"start":{"line":117,"column":8},"end":{"line":117,"column":null}},"63":{"start":{"line":118,"column":8},"end":{"line":118,"column":null}},"64":{"start":{"line":121,"column":4},"end":{"line":121,"column":null}},"65":{"start":{"line":123,"column":23},"end":{"line":123,"column":null}},"66":{"start":{"line":125,"column":4},"end":{"line":125,"column":null}},"67":{"start":{"line":125,"column":33},"end":{"line":125,"column":null}},"68":{"start":{"line":127,"column":4},"end":{"line":127,"column":null}},"69":{"start":{"line":132,"column":19},"end":{"line":135,"column":null}},"70":{"start":{"line":134,"column":29},"end":{"line":134,"column":39}},"71":{"start":{"line":138,"column":4},"end":{"line":138,"column":null}},"72":{"start":{"line":141,"column":30},"end":{"line":141,"column":null}},"73":{"start":{"line":142,"column":29},"end":{"line":142,"column":null}},"74":{"start":{"line":144,"column":47},"end":{"line":153,"column":null}},"75":{"start":{"line":156,"column":29},"end":{"line":168,"column":null}},"76":{"start":{"line":158,"column":6},"end":{"line":158,"column":null}},"77":{"start":{"line":161,"column":21},"end":{"line":161,"column":null}},"78":{"start":{"line":162,"column":6},"end":{"line":162,"column":null}},"79":{"start":{"line":164,"column":6},"end":{"line":167,"column":null}},"80":{"start":{"line":171,"column":4},"end":{"line":1
[...]
column":19},"end":{"line":112,"column":null}},"43":{"start":{"line":113,"column":4},"end":{"line":113,"column":null}},"44":{"start":{"line":117,"column":4},"end":{"line":117,"column":null}},"45":{"start":{"line":117,"column":21},"end":{"line":117,"column":null}},"46":{"start":{"line":118,"column":31},"end":{"line":118,"column":null}},"47":{"start":{"line":119,"column":4},"end":{"line":119,"column":null}},"48":{"start":{"line":124,"column":36},"end":{"line":126,"column":null}},"49":{"start":{"line":125,"column":4},"end":{"line":125,"column":null}}},"fnMap":{"0":{"name":"(anonymous_0)","decl":{"start":{"line":17,"column":2},"end":{"line":17,"column":22}},"loc":{"start":{"line":17,"column":76},"end":{"line":22,"column":null}},"line":17},"1":{"name":"(anonymous_1)","decl":{"start":{"line":36,"column":9},"end":{"line":36,"column":24}},"loc":{"start":{"line":36,"column":100},"end":{"line":69,"column":null}},"line":36},"2":{"name":"(anonymous_2)","decl":{"start":{"line":71,"column":9},"end":{"line":71,"column":30}},"loc":{"start":{"line":71,"column":80},"end":{"line":88,"column":null}},"line":71},"3":{"name":"(anonymous_3)","decl":{"start":{"line":90,"column":10},"end":{"line":90,"column":31}},"loc":{"start":{"line":90,"column":100},"end":{"line":103,"column":null}},"line":90},"4":{"name":"(anonymous_4)","decl":{"start":{"line":96,"column":29},"end":{"line":96,"column":39}},"loc":{"start":{"line":96,"column":39},"end":{"line":100,"column":5}},"line":96},"5":{"name":"(anonymous_5)","decl":{"start":{"line":105,"column":10},"end":{"line":105,"column":32}},"loc":{"start":{"line":105,"column":54},"end":{"line":114,"column":null}},"line":105},"6":{"name":"(anonymous_6)","decl":{"start":{"line":116,"column":10},"end":{"line":116,"column":31}},"loc":{"start":{"line":116,"column":93},"end":{"line":120,"column":null}},"line":116},"7":{"name":"(anonymous_7)","decl":{"start":{"line":124,"column":36},"end":{"line":124,"column":37}},"loc":{"start":{"line":124,"column":90},"end":{"line":126,"column":null}},"line":124}},"branchMap":{"0":{"loc":{"start":{"line":17,"column":22},"end":{"line":17,"column":76}},"type":"default-arg","locations":[{"start":{"line":17,"column":46},"end":{"line":17,"column":76}}],"line":17},"1":{"loc":{"start":{"line":18,"column":4},"end":{"line":21,"column":null}},"type":"if","locations":[{"start":{"line":18,"column":4},"end":{"line":21,"column":null}},{"start":{},"end":{}}],"line":18},"2":{"loc":{"start":{"line":18,"column":8},"end":{"line":18,"column":46}},"type":"binary-expr","locations":[{"start":{"line":18,"column":8},"end":{"line":18,"column":24}},{"start":{"line":18,"column":24},"end":{"line":18,"column":46}}],"line":18},"3":{"loc":{"start":{"line":39,"column":4},"end":{"line":44,"column":null}},"type":"if","locations":[{"start":{"line":39,"column":4},"end":{"line":44,"column":null}},{"start":{},"end":{}}],"line":39},"4":{"loc":{"start":{"line":39,"column":8},"end":{"line":39,"column":51}},"type":"binary-expr","locations":[{"start":{"line":39,"column":8},"end":{"line":39,"column":30}},{"start":{"line":39,"column":30},"end":{"line":39,"column":51}}],"line":39},"5":{"loc":{"start":{"line":53,"column":24},"end":{"line":53,"column":null}},"type":"cond-expr","locations":[{"start":{"line":53,"column":97},"end":{"line":53,"column":102}},{"start":{"line":53,"column":102},"end":{"line":53,"column":null}}],"line":53},"6":{"loc":{"start":{"line":56,"column":25},"end":{"line":56,"column":null}},"type":"binary-expr","locations":[{"start":{"line":56,"column":25},"end":{"line":56,"column":54}},{"start":{"line":56,"column":54},"end":{"line":56,"column":null}}],"line":56},"7":{"loc":{"start":{"line":59,"column":27},"end":{"line":59,"column":null}},"type":"binary-expr","locations":[{"start":{"line":59,"column":27},"end":{"line":59,"column":58}},{"start":{"line":59,"column":58},"end":{"line":59,"column":null}}],"line":59},"8":{"loc":{"start":{"line":73,"column":4},"end":{"line":73,"column":null}},"type":"if","locations":[{"start":{"line":73,"column":4},"end":{"line":73,"column":null}},{"start":{},"end":{}}],"line":73},"9":{"loc":{"start":{"line":74,"column":14},"end":{"line":74,"column":null}},"type":"cond-expr","locations":[{"start":{"line":74,"column":53},"end":{"line":74,"column":72}},{"start":{"line":74,"column":72},"end":{"line":74,"column":null}}],"line":74},"10":{"loc":{"start":{"line":75,"column":14},"end":{"line":75,"column":null}},"type":"cond-expr","locations":[{"start":{"line":75,"column":51},"end":{"line":75,"column":68}},{"start":{"line":75,"column":68},"end":{"line":75,"column":null}}],"line":75},"11":{"loc":{"start":{"line":76,"column":14},"end":{"line":76,"column":null}},"type":"cond-expr","locations":[{"start":{"line":76,"column":52},"end":{"line":76,"column":70}},{"start":{"line":76,"column":70},"end":{"line":76,"column":null}}],"line":76},"12":{"loc":{"start":{"line":77,"column":14},"end":{"line":77,"column":null}},"type":"cond-expr","locations":[{"start":{"line":77,"column":51},"end":{"line":77,"column":68}},{"start":{"line":77,"column":68},"end":{"line":77,"column":null}}],"line":77},"13":{"loc":{"start":{"line":78,"column":14},"end":{"line":78,"column":null}},"type":"cond-expr","locations":[{"start":{"line":78,"column":51},"end":{"line":78,"column":68}},{"start":{"line":78,"column":68},"end":{"line":78,"column":null}}],"line":78},"14":{"loc":{"start":{"line":79,"column":15},"end":{"line":79,"column":null}},"type":"cond-expr","locations":[{"start":{"line":79,"column":54},"end":{"line":79,"column":73}},{"start":{"line":79,"column":73},"end":{"line":79,"column":null}}],"line":79},"15":{"loc":{"start":{"line":91,"column":4},"end":{"line":91,"column":null}},"type":"if","locations":[{"start":{"line":91,"column":4},"end":{"line":91,"column":null}},{"start":{},"end":{}}],"line":91},"16":{"loc":{"start":{"line":93,"column":27},"end":{"line":93,"column":46}},"type":"binary-expr","locations":[{"start":{"line":93,"column":27},"end":{"line":93,"column":42}},{"start":{"line":93,"column":42},"end":{"line":93,"column":46}}],"line":93},"17":{"loc":{"start":{"line":97,"column":6},"end":{"line":99,"column":null}},"type":"if","locations":[{"start":{"line":97,"column":6},"end":{"line":99,"column":null}},{"start":{},"end":{}}],"line":97},"18":{"loc":{"start":{"line":109,"column":4},"end":{"line":109,"column":null}},"type":"if","locations":[{"start":{"line":109,"column":4},"end":{"line":109,"column":null}},{"start":{},"end":{}}],"line":109},"19":{"loc":{"start":{"line":110,"column":4},"end":{"line":110,"column":null}},"type":"if","locations":[{"start":{"line":110,"column":4},"end":{"line":110,"column":null}},{"start":{},"end":{}}],"line":110},"20":{"loc":{"start":{"line":111,"column":4},"end":{"line":111,"column":null}},"type":"if","locations":[{"start":{"line":111,"column":4},"end":{"line":111,"column":null}},{"start":{},"end":{}}],"line":111},"21":{"loc":{"start":{"line":112,"column":4},"end":{"line":112,"column":null}},"type":"if","locations":[{"start":{"line":112,"column":4},"end":{"line":112,"column":null}},{"start":{},"end":{}}],"line":112},"22":{"loc":{"start":{"line":117,"column":4},"end":{"line":117,"column":null}},"type":"if","locations":[{"start":{"line":117,"column":4},"end":{"line":117,"column":null}},{"start":{},"end":{}}],"line":117},"23":{"loc":{"start":{"line":118,"column":31},"end":{"line":118,"column":null}},"type":"cond-expr","locations":[{"start":{"line":118,"column":45},"end":{"line":118,"column":70}},{"start":{"line":118,"column":70},"end":{"line":118,"column":null}}],"line":118},"24":{"loc":{"start":{"line":119,"column":11},"end":{"line":119,"column":null}},"type":"cond-expr","locations":[{"start":{"line":119,"column":32},"end":{"line":119,"column":38}},{"start":{"line":119,"column":38},"end":{"line":119,"column":null}}],"line":119}},"s":{"0":8,"1":8,"2":2,"3":2,"4":3,"5":3,"6":3,"7":3,"8":3,"9":3,"10":3,"11":3,"12":3,"13":3,"14":3,"15":6,"16":6,"17":0,"18":6,"19":6,"20":6,"21":6,"22":6,"23":6,"24":6,"25":3,"26":3,"27":0,"28":3,"29":3,"30":0,"31":0,"32":3,"33":2,"34":2,"35":2,"36":0,"37":2,"38":2,"39":0,"40":0,"41":0,"42":0,"43":0,"44":3,"45":3,"46":0,"47":3,"48":3,"49":0},"f":{"0":8,"1":3,"2":6,"3":3,"4":0,"5":2,"6":3,"7":0},"b":{"0":[8],"1":[2,6],"2":[8,8],"3":[3,0],"4":[3,3],"5":[0,3],"6":[3,2],"7":[3,2],"8":[0,6],"9":[6,0],"10":[6,0],"11":[6,0],"12":[6,0],"13":[6,0],"14":[6,0],"15":[3,0],"16":[0,0],"17":[0,0],"18":[0,2],"19":[2,0],"20":[0,0],"21":[0,0],"22":[3,0],"23":[0,0],"24":[0,0]},"meta":{"lastBranch":25,"lastFunction":8,"lastStatement":50,"seen":{"f:17:2:17:22":0,"b:17:46:17:76":0,"s:17:22:17:46":0,"b:18:4:21:Infinity:undefined:undefined:undefined:undefined":1,"s:18:4:21:Infinity":1,"b:18:8:18:24:18:24:18:46":2,"s:19:8:19:Infinity":2,"s:20:8:20:Infinity":3,"s:24:2:34:Infinity":4,"f:36:9:36:24":1,"s:38:25:38:Infinity":5,"b:39:4:44:Infinity:undefined:undefined:undefined:undefined":3,"s:39:4:44:Infinity":6,"b:39:8:39:30:39:30:39:51":4,"s:40:14:40:Infinity":7,"s:43:8:43:Infinity":8,"s:47:24:47:Infinity":9,"s:50:24:50:Infinity":10,"s:53:24:53:Infinity":11,"b:53:97:53:102:53:102:53:Infinity":5,"s:56:25:56:Infinity":12,"b:56:25:56:54:56:54:56:Infinity":6,"s:59:27:59:Infinity":13,"b:59:27:59:58:59:58:59:Infinity":7,"s:61:4:68:Infinity":14,"f:71:9:71:30":2,"s:72:14:72:Infinity":15,"b:73:4:73:Infinity:undefined:undefined:undefined:undefined":8,"s:73:4:73:Infinity":16,"s:73:17:73:Infinity":17,"s:74:14:74:Infinity":18,"b:74:53:74:72:74:72:74:Infinity":9,"s:75:14:75:Infinity":19,"b:75:51:75:68:75:68:75:Infinity":10,"s:76:14:76:Infinity":20,"b:76:52:76:70:76:70:76:Infinity":11,"s:77:14:77:Infinity":21,"b:77:51:77:68:77:68:77:Infinity":12,"s:78:14:78:Infinity":22,"b:78:51:78:68:78:68:78:Infinity":13,"s:79:15:79:Infinity":23,"b:79:54:79:73:79:73:79:Infinity":14,"s:80:4:86:Infinity":24,"f:90:10:90:31":3,"b:91:4:91:Infinity:undefined:undefined:undefined:undefined":15,"s:91:4:91:Infinity":25,"s:91:39:91:Infinity":26,"s:93:10:93:Infinity":27,"b:93:27:93:42:93:42:93:46":16,"s:94:18:94:Infinity":28,"s:96:4:100:Infinity":29,"f:96:29:96:39":4,"b:97:6:99:Infinity:undefined:undefined:undefined:undefined":17,"s:97:6:99:Infinity":30,"s:98:8:98:Infinity":31,"s:102:4:102:Infinity":32,"f:105:10:105:32":5,"s:106:10:106:Infinity":33,"s:107:16:107:Infinity":34,"b:109:4:109:Infinity:undefined:undefined:undefined:undefined":18,"s:109:4:109:Infinity":35,"s:109:18:109:Infinity":36,"b:110:4:110:Infinity:undefined:undefined:undefined:undefined":19,"s:110:4:110:Infinity":37,"s:110:18:110:Infinity":38,"b:111:4:111:Infinity:undefined:undefined:undefined:undefined":20,"s:111:4:111:Infinity":39,"s:111:19:111:Infinity":40,"b:112:4:112:Infinity:undefined:undefined:undefined:undefined":21,"s:112:4:112:Infinity":41,"s:112:19:112:Infinity":42,"s:113:4:113:Infinity":43,"f:116:10:116:31":6,"b:117:4:117:Infinity:undefined:undefined:undefined:undefined":22,"s:117:4:117:Infinity":44,"s:117:21:117:Infinity":45,"s:118:31:118:Infinity":46,"b:118:45:118:70:118:70:118:Infinity":23,"s:119:4:119:Infinity":47,"b:119:32:119:38:119:38:119:Infinity":24,"s:124:36:126:Infinity":48,"f:124:36:124:37":7,"s:125:4:125:Infinity":49}}}
,"C:\\Users\\cgatt\\RefScore\\src\\utils\\AppError.ts": {"path":"C:\\Users\\cgatt\\RefScore\\src\\utils\\AppError.ts","statementMap":{"0":{"start":{"line":3,"column":4},"end":{"line":3,"column":null}},"1":{"start":{"line":2,"column":21},"end":{"line":2,"column":45}},"2":{"start":{"line":2,"column":45},"end":{"line":2,"column":66}},"3":{"start":{"line":2,"column":66},"end":{"line":2,"column":83}},"4":{"start":{"line":4,"column":4},"end":{"line":4,"column":null}},"5":{"start":{"line":10,"column":4},"end":{"line":10,"column":null}},"6":{"start":{"line":16,"column":4},"end":{"line":16,"column":null}}},"fnMap":{"0":{"name":"(anonymous_0)","decl":{"start":{"line":2,"column":2},"end":{"line":2,"column":21}},"loc":{"start":{"line":2,"column":83},"end":{"line":5,"column":null}},"line":2},"1":{"name":"(anonymous_1)","decl":{"start":{"line":9,"column":2},"end":{"line":9,"column":14}},"loc":{"start":{"line":9,"column":48},"end":{"line":11,"column":null}},"line":9},"2":{"name":"(anonymous_2)","decl":{"start":{"line":15,"column":2},"end":{"line":15,"column":14}},"loc":{"start":{"line":15,"column":48},"end":{"line":17,"column":null}},"line":15}},"branchMap":{},"s":{"0":0,"1":0,"2":0,"3":0,"4":0,"5":0,"6":0},"f":{"0":0,"1":0,"2":0},"b":{},"meta":{"lastBranch":0,"lastFunction":3,"lastStatement":7,"seen":{"f:2:2:2:21":0,"s:3:4:3:Infinity":0,"s:2:21:2:45":1,"s:2:45:2:66":2,"s:2:66:2:83":3,"s:4:4:4:Infinity":4,"f:9:2:9:14":1,"s:10:4:10:Infinity":5,"f:15:2:15:14":2,"s:16:4:16:Infinity":6}}}
,"C:\\Users\\cgatt\\RefScore\\src\\utils\\color.ts": {"path":"C:\\Users\\cgatt\\RefScore\\src\\utils\\color.ts","statementMap":{"0":{"start":{"line":2,"column":18},"end":{"line":2,"column":null}},"1":{"start":{"line":3,"column":17},"end":{"line":5,"column":null}},"2":{"start":{"line":4,"column":35},"end":{"line":4,"column":40}},"3":{"start":{"line":6,"column":13},"end":{"line":6,"column":null}},"4":{"start":{"line":7,"column":13},"end":{"line":7,"column":null}},"5":{"start":{"line":8,"column":12},"end":{"line":8,"column":null}},"6":{"start":{"line":9,"column":2},"end":{"line":9,"column":null}},"7":{"start":{"line":13,"column":13},"end":{"line":13,"column":null}},"8":{"start":{"line":14,"column":2},"end":{"line":14,"column":null}},"9":{"start":{"line":18,"column":22},"end":{"line":18,"column":null}},"10":{"start":{"line":19,"column":12},"end":{"line":19,"column":null}},"11":{"start":{"line":20,"column":12},"end":{"line":20,"column":null}},"12":{"start":{"line":21,"column":12},"end":{"line":21,"column":null}},"13":{"start":{"line":22,"column":2},"end":{"line":22,"column":null}},"14":{"start":{"line":26,"column":13},"end":{"line":26,"column":null}},"15":{"start":{"line":27,"column":13},"end":{"line":27,"column":null}},"16":{"start":{"line":28,"column":18},"end":{"line":28,"column":null}},"17":{"start":{"line":29,"column":17},"end":{"line":29,"column":null}},"18":{"start":{"line":30,"column":2},"end":{"line":30,"column":null}},"19":{"start":{"line":34,"column":16},"end":{"line":34,"column":null}},"20":{"start":{"line":35,"column":2},"end":{"line":35,"column":null}}},"fnMap":{"0":{"name":"hexToRgb","decl":{"start":{"line":1,"column":16},"end":{"line":1,"column":25}},"loc":{"start":{"line":1,"column":75},"end":{"line":10,"column":null}},"line":1},"1":{"name":"(anonymous_1)","decl":{"start":{"line":4,"column":28},"end":{"line":4,"column":29}},"loc":{"start":{"line":4,"column":35},"end":{"line":4,"column":40}},"line":4},"2":{"name":"srgbToLinear","decl":{"start":{"line":12,"column":9},"end":{"line":12,"column":22}},"loc":{"start":{"line":12,"column":41},"end":{"line":15,"column":null}},"line":12},"3":{"name":"relativeLuminance","decl":{"start":{"line":17,"column":16},"end":{"line":17,"column":34}},"loc":{"start":{"line":17,"column":55},"end":{"line":23,"column":null}},"line":17},"4":{"name":"contrastRatio","decl":{"start":{"line":25,"column":16},"end":{"line":25,"column":30}},"loc":{"start":{"line":25,"column":68},"end":{"line":31,"column":null}},"line":25},"5":{"name":"meetsAAForText","decl":{"start":{"line":33,"column":16},"end":{"line":33,"column":31}},"loc":{"start":{"line":33,"column":89},"end":{"line":36,"column":null}},"line":33}},"branchMap":{"0":{"loc":{"start":{"line":3,"column":26},"end":{"line":5,"column":15}},"type":"cond-expr","locations":[{"start":{"line":4,"column":6},"end":{"line":4,"column":null}},{"start":{"line":5,"column":6},"end":{"line":5,"column":15}}],"line":3},"1":{"loc":{"start":{"line":14,"column":9},"end":{"line":14,"column":null}},"type":"cond-expr","locations":[{"start":{"line":14,"column":25},"end":{"line":14,"column":38}},{"start":{"line":14,"column":38},"end":{"line":14,"column":null}}],"line":14},"2":{"loc":{"start":{"line":33,"column":61},"end":{"line":33,"column":89}},"type":"default-arg","locations":[{"start":{"line":33,"column":73},"end":{"line":33,"column":89}}],"line":33},"3":{"loc":{"start":{"line":35,"column":9},"end":{"line":35,"column":null}},"type":"cond-expr","locations":[{"start":{"line":35,"column":21},"end":{"line":35,"column":34}},{"start":{"line":35,"column":34},"end":{"line":35,"column":null}}],"line":35}},"s":{"0":16,"1":16,"2":0,"3":16,"4":16,"5":16,"6":16,"7":48,"8":48,"9":16,"10":16,"11":16,"12":16,"13":16,"14":8,"15":8,"16":8,"17":8,"18":8,"19":4,"20":4},"f":{"0":16,"1":0,"2":48,"3":16,"4":8,"5":4},"b":{"0":[0,16],"1":[4,44],"2":[4],"3":[0,4]},"meta":{"lastBranch":4,"lastFunction":6,"lastStatement":21,"seen":{"f:1:16:1:25":0,"s:2:18:2:Infinity":0,"s:3:17:5:Infinity":1,"b:4:6:4:Infinity:5:6:5:15":0,"f:4:28:4:29":1,"s:4:35:4:40":2,"s:6:13:6:Infinity":3,"s:7:13:7:Infinity":4,"s:8:12:8:Infinity":5,"s:9:2:9:Infinity":6,"f:12:9:12:22":2,"s:13:13:13:Infinity":7,"s:14:2:14:Infinity":8,"b:14:25:14:38:14:38:14:Infinity":1,"f:17:16:17:34":3,"s:18:22:18:Infinity":9,"s:19:12:19:Infinity":10,"s:20:12:20:Infinity":11,"s:21:12:21:Infinity":12,"s:22:2:22:Infinity":13,"f:25:16:25:30":4,"s:26:13:26:Infinity":14,"s:27:13:27:Infinity":15,"s:28:18:28:Infinity":16,"s:29:17:29:Infinity":17,"s:30:2:30:Infinity":18,"f:33:16:33:31":5,"b:33:73:33:89":2,"s:34:16:34:Infinity":19,"s:35:2:35:Infinity":20,"b:35:21:35:34:35:34:35:Infinity":3}}}
,"C:\\Users\\cgatt\\RefScore\\src\\utils\\result.ts": {"path":"C:\\Users\\cgatt\\RefScore\\src\\utils\\result.ts","statementMap":{"0":{"start":{"line":3,"column":18},"end":{"line":3,"column":null}},"1":{"start":{"line":3,"column":54},"end":{"line":3,"column":null}},"2":{"start":{"line":4,"column":19},"end":{"line":4,"column":null}},"3":{"start":{"line":4,"column":55},"end":{"line":4,"column":null}},"4":{"start":{"line":6,"column":22},"end":{"line":9,"column":null}},"5":{"start":{"line":7,"column":2},"end":{"line":7,"column":null}},"6":{"start":{"line":7,"column":17},"end":{"line":7,"column":null}},"7":{"start":{"line":8,"column":2},"end":{"line":8,"column":null}},"8":{"start":{"line":11,"column":25},"end":{"line":14,"column":null}},"9":{"start":{"line":12,"column":4},"end":{"line":12,"column":null}},"10":{"start":{"line":12,"column":19},"end":{"line":12,"column":null}},"11":{"start":{"line":13,"column":4},"end":{"line":13,"column":null}}},"fnMap":{"0":{"name":"(anonymous_0)","decl":{"start":{"line":3,"column":18},"end":{"line":3,"column":22}},"loc":{"start":{"line":3,"column":54},"end":{"line":3,"column":null}},"line":3},"1":{"name":"(anonymous_1)","decl":{"start":{"line":4,"column":19},"end":{"line":4,"column":23}},"loc":{"start":{"line":4,"column":55},"end":{"line":4,"column":null}},"line":4},"2":{"name":"(anonymous_2)","decl":{"start":{"line":6,"column":22},"end":{"line":6,"column":29}},"loc":{"start":{"line":6,"column":57},"end":{"line":9,"column":null}},"line":6},"3":{"name":"(anonymous_3)","decl":{"start":{"line":11,"column":25},"end":{"line":11,"column":35}},"loc":{"start":{"line":11,"column":93},"end":{"line":14,"column":null}},"line":11}},"branchMap":{"0":{"loc":{"start":{"line":7,"column":2},"end":{"line":7,"column":null}},"type":"if","locations":[{"start":{"line":7,"column":2},"end":{"line":7,"column":null}},{"start":{},"end":{}}],"line":7},"1":{"loc":{"start":{"line":12,"column":4},"end":{"line":12,"column":null}},"type":"if","locations":[{"start":{"line":12,"column":4},"end":{"line":12,"column":null}},{"start":{},"end":{}}],"line":12}},"s":{"0":4,"1":1222,"2":4,"3":0,"4":4,"5":2,"6":2,"7":0,"8":4,"9":0,"10":0,"11":0},"f":{"0":1222,"1":0,"2":2,"3":0},"b":{"0":[2,0],"1":[0,0]},"meta":{"lastBranch":2,"lastFunction":4,"lastStatement":12,"seen":{"s:3:18:3:Infinity":0,"f:3:18:3:22":0,"s:3:54:3:Infinity":1,"s:4:19:4:Infinity":2,"f:4:19:4:23":1,"s:4:55:4:Infinity":3,"s:6:22:9:Infinity":4,"f:6:22:6:29":2,"b:7:2:7:Infinity:undefined:undefined:undefined:undefined":0,"s:7:2:7:Infinity":5,"s:7:17:7:Infinity":6,"s:8:2:8:Infinity":7,"s:11:25:14:Infinity":8,"f:11:25:11:35":3,"b:12:4:12:Infinity:undefined:undefined:undefined:undefined":1,"s:12:4:12:Infinity":9,"s:12:19:12:Infinity":10,"s:13:4:13:Infinity":11}}}
}
