<?xml version="1.0" encoding="utf-8"?><testsuites><testsuite name="pytest" errors="0" failures="0" skipped="0" tests="4" time="0.727" timestamp="2026-02-21T23:47:20.297143" hostname="Lappytop"><testcase classname="tests.backend.test_api" name="test_read_main" time="0.023" /><testcase classname="tests.backend.test_api" name="test_refine_endpoint_empty_text" time="0.021" /><testcase classname="tests.backend.test_api" name="test_refine_endpoint_valid_text" time="0.013" /><testcase classname="tests.backend.test_api" name="test_websocket_endpoint" time="0.015" /></testsuite></testsuites>